mode: atomic
github.com/meshery/meshery/mesheryctl/internal/cli/root/config/config.go:66.63,70.16 3 0
github.com/meshery/meshery/mesheryctl/internal/cli/root/config/config.go:70.16,72.3 1 0
github.com/meshery/meshery/mesheryctl/internal/cli/root/config/config.go:73.2,73.15 1 0
github.com/meshery/meshery/mesheryctl/internal/cli/root/config/config.go:77.65,80.16 3 10
github.com/meshery/meshery/mesheryctl/internal/cli/root/config/config.go:80.16,82.3 1 10
github.com/meshery/meshery/mesheryctl/internal/cli/root/config/config.go:84.2,84.12 1 0
github.com/meshery/meshery/mesheryctl/internal/cli/root/config/config.go:88.78,89.29 1 0
github.com/meshery/meshery/mesheryctl/internal/cli/root/config/config.go:89.29,91.3 1 0
github.com/meshery/meshery/mesheryctl/internal/cli/root/config/config.go:93.2,94.12 2 0
github.com/meshery/meshery/mesheryctl/internal/cli/root/config/config.go:94.12,96.3 1 0
github.com/meshery/meshery/mesheryctl/internal/cli/root/config/config.go:98.2,98.91 1 0
github.com/meshery/meshery/mesheryctl/internal/cli/root/config/config.go:100.87,102.12 2 0
github.com/meshery/meshery/mesheryctl/internal/cli/root/config/config.go:102.12,104.3 1 0
github.com/meshery/meshery/mesheryctl/internal/cli/root/config/config.go:106.2,106.70 1 0
github.com/meshery/meshery/mesheryctl/internal/cli/root/config/config.go:110.56,112.16 2 0
github.com/meshery/meshery/mesheryctl/internal/cli/root/config/config.go:112.16,114.3 1 0
github.com/meshery/meshery/mesheryctl/internal/cli/root/config/config.go:116.2,116.32 1 0
github.com/meshery/meshery/mesheryctl/internal/cli/root/config/config.go:119.60,121.2 1 20
github.com/meshery/meshery/mesheryctl/internal/cli/root/config/config.go:124.67,126.16 2 0
github.com/meshery/meshery/mesheryctl/internal/cli/root/config/config.go:126.16,128.3 1 0
github.com/meshery/meshery/mesheryctl/internal/cli/root/config/config.go:130.2,130.28 1 0
github.com/meshery/meshery/mesheryctl/internal/cli/root/config/config.go:134.71,136.16 2 0
github.com/meshery/meshery/mesheryctl/internal/cli/root/config/config.go:136.16,138.3 1 0
github.com/meshery/meshery/mesheryctl/internal/cli/root/config/config.go:140.2,140.21 1 0
github.com/meshery/meshery/mesheryctl/internal/cli/root/config/config.go:144.73,145.23 1 0
github.com/meshery/meshery/mesheryctl/internal/cli/root/config/config.go:145.23,147.3 1 0
github.com/meshery/meshery/mesheryctl/internal/cli/root/config/config.go:148.2,149.16 2 0
github.com/meshery/meshery/mesheryctl/internal/cli/root/config/config.go:149.16,152.3 1 0
github.com/meshery/meshery/mesheryctl/internal/cli/root/config/config.go:154.2,154.12 1 0
github.com/meshery/meshery/mesheryctl/internal/cli/root/config/config.go:159.83,161.9 2 0
github.com/meshery/meshery/mesheryctl/internal/cli/root/config/config.go:161.9,163.3 1 0
github.com/meshery/meshery/mesheryctl/internal/cli/root/config/config.go:165.2,165.30 1 0
github.com/meshery/meshery/mesheryctl/internal/cli/root/config/config.go:165.30,166.26 1 0
github.com/meshery/meshery/mesheryctl/internal/cli/root/config/config.go:166.26,168.4 1 0
github.com/meshery/meshery/mesheryctl/internal/cli/root/config/config.go:171.2,171.83 1 0
github.com/meshery/meshery/mesheryctl/internal/cli/root/config/config.go:175.50,177.2 1 0
github.com/meshery/meshery/mesheryctl/internal/cli/root/config/config.go:180.42,182.2 1 20
github.com/meshery/meshery/mesheryctl/internal/cli/root/config/config.go:185.50,187.2 1 20
github.com/meshery/meshery/mesheryctl/internal/cli/root/config/config.go:190.39,192.2 1 20
github.com/meshery/meshery/mesheryctl/internal/cli/root/config/config.go:195.44,197.2 1 20
github.com/meshery/meshery/mesheryctl/internal/cli/root/config/config.go:200.42,202.2 1 20
github.com/meshery/meshery/mesheryctl/internal/cli/root/config/config.go:205.50,207.2 1 20
github.com/meshery/meshery/mesheryctl/internal/cli/root/config/config.go:210.46,212.2 1 2
github.com/meshery/meshery/mesheryctl/internal/cli/root/config/config.go:215.41,217.2 1 20
github.com/meshery/meshery/mesheryctl/internal/cli/root/config/config.go:220.48,222.2 1 20
github.com/meshery/meshery/mesheryctl/internal/cli/root/config/config.go:225.41,227.2 1 20
github.com/meshery/meshery/mesheryctl/internal/cli/root/config/config.go:230.48,232.2 1 20
github.com/meshery/meshery/mesheryctl/internal/cli/root/config/config.go:235.45,236.23 1 0
github.com/meshery/meshery/mesheryctl/internal/cli/root/config/config.go:236.23,239.3 2 0
github.com/meshery/meshery/mesheryctl/internal/cli/root/config/config.go:241.2,241.29 1 0
github.com/meshery/meshery/mesheryctl/internal/cli/root/config/config.go:241.29,243.3 1 0
github.com/meshery/meshery/mesheryctl/internal/cli/root/config/config.go:245.2,247.16 3 0
github.com/meshery/meshery/mesheryctl/internal/cli/root/config/config.go:247.16,249.3 1 0
github.com/meshery/meshery/mesheryctl/internal/cli/root/config/config.go:250.2,252.16 3 0
github.com/meshery/meshery/mesheryctl/internal/cli/root/config/config.go:252.16,254.3 1 0
github.com/meshery/meshery/mesheryctl/internal/cli/root/config/config.go:256.2,256.15 1 0
github.com/meshery/meshery/mesheryctl/internal/cli/root/config/config.go:256.15,257.45 1 0
github.com/meshery/meshery/mesheryctl/internal/cli/root/config/config.go:257.45,259.4 1 0
github.com/meshery/meshery/mesheryctl/internal/cli/root/config/config.go:262.2,262.28 1 0
github.com/meshery/meshery/mesheryctl/internal/cli/root/config/config.go:262.28,264.3 1 0
github.com/meshery/meshery/mesheryctl/internal/cli/root/config/config.go:266.2,266.38 1 0
github.com/meshery/meshery/mesheryctl/internal/cli/root/config/config.go:266.38,268.3 1 0
github.com/meshery/meshery/mesheryctl/internal/cli/root/config/config.go:270.2,270.12 1 0
github.com/meshery/meshery/mesheryctl/internal/cli/root/config/config.go:274.42,276.2 1 20
github.com/meshery/meshery/mesheryctl/internal/cli/root/config/config.go:279.50,281.2 1 10
github.com/meshery/meshery/mesheryctl/internal/cli/root/config/config.go:284.48,286.2 1 20
github.com/meshery/meshery/mesheryctl/internal/cli/root/config/config.go:289.54,291.2 1 10
github.com/meshery/meshery/mesheryctl/internal/cli/root/config/config.go:294.46,296.2 1 0
github.com/meshery/meshery/mesheryctl/internal/cli/root/config/config.go:299.51,301.2 1 0
github.com/meshery/meshery/mesheryctl/internal/cli/root/config/config.go:304.34,306.2 1 0
github.com/meshery/meshery/mesheryctl/internal/cli/root/config/config.go:309.38,310.32 1 10
github.com/meshery/meshery/mesheryctl/internal/cli/root/config/config.go:310.32,312.3 1 0
github.com/meshery/meshery/mesheryctl/internal/cli/root/config/config.go:315.2,315.41 1 10
github.com/meshery/meshery/mesheryctl/internal/cli/root/config/config.go:315.41,317.17 2 0
github.com/meshery/meshery/mesheryctl/internal/cli/root/config/config.go:317.17,319.4 1 0
github.com/meshery/meshery/mesheryctl/internal/cli/root/config/config.go:320.3,320.44 1 0
github.com/meshery/meshery/mesheryctl/internal/cli/root/config/config.go:325.2,326.16 2 10
github.com/meshery/meshery/mesheryctl/internal/cli/root/config/config.go:326.16,328.3 1 0
github.com/meshery/meshery/mesheryctl/internal/cli/root/config/config.go:330.2,330.52 1 10
github.com/meshery/meshery/mesheryctl/internal/cli/root/config/config.go:334.38,336.2 1 10
github.com/meshery/meshery/mesheryctl/internal/cli/root/config/config.go:339.46,341.2 1 10
github.com/meshery/meshery/mesheryctl/internal/cli/root/config/config.go:344.37,346.2 1 10
github.com/meshery/meshery/mesheryctl/internal/cli/root/config/config.go:349.41,351.2 1 10
github.com/meshery/meshery/mesheryctl/internal/cli/root/config/config.go:354.61,355.55 1 0
github.com/meshery/meshery/mesheryctl/internal/cli/root/config/config.go:355.55,357.3 1 0
github.com/meshery/meshery/mesheryctl/internal/cli/root/config/config.go:359.2,361.16 3 0
github.com/meshery/meshery/mesheryctl/internal/cli/root/config/config.go:361.16,363.3 1 0
github.com/meshery/meshery/mesheryctl/internal/cli/root/config/config.go:365.2,366.16 2 0
github.com/meshery/meshery/mesheryctl/internal/cli/root/config/config.go:366.16,368.3 1 0
github.com/meshery/meshery/mesheryctl/internal/cli/root/config/config.go:370.2,370.27 1 0
github.com/meshery/meshery/mesheryctl/internal/cli/root/config/config.go:370.27,372.3 1 0
github.com/meshery/meshery/mesheryctl/internal/cli/root/config/config.go:374.2,374.32 1 0
github.com/meshery/meshery/mesheryctl/internal/cli/root/config/config.go:374.32,375.43 1 0
github.com/meshery/meshery/mesheryctl/internal/cli/root/config/config.go:375.43,377.4 1 0
github.com/meshery/meshery/mesheryctl/internal/cli/root/config/config.go:380.2,387.16 6 0
github.com/meshery/meshery/mesheryctl/internal/cli/root/config/config.go:387.16,389.3 1 0
github.com/meshery/meshery/mesheryctl/internal/cli/root/config/config.go:391.2,391.12 1 0
github.com/meshery/meshery/mesheryctl/internal/cli/root/config/config.go:395.71,396.55 1 0
github.com/meshery/meshery/mesheryctl/internal/cli/root/config/config.go:396.55,398.3 1 0
github.com/meshery/meshery/mesheryctl/internal/cli/root/config/config.go:400.2,402.16 3 0
github.com/meshery/meshery/mesheryctl/internal/cli/root/config/config.go:402.16,404.3 1 0
github.com/meshery/meshery/mesheryctl/internal/cli/root/config/config.go:406.2,407.16 2 0
github.com/meshery/meshery/mesheryctl/internal/cli/root/config/config.go:407.16,409.3 1 0
github.com/meshery/meshery/mesheryctl/internal/cli/root/config/config.go:411.2,411.27 1 0
github.com/meshery/meshery/mesheryctl/internal/cli/root/config/config.go:411.27,413.3 1 0
github.com/meshery/meshery/mesheryctl/internal/cli/root/config/config.go:415.2,415.32 1 0
github.com/meshery/meshery/mesheryctl/internal/cli/root/config/config.go:415.32,416.42 1 0
github.com/meshery/meshery/mesheryctl/internal/cli/root/config/config.go:416.42,422.18 6 0
github.com/meshery/meshery/mesheryctl/internal/cli/root/config/config.go:422.18,424.5 1 0
github.com/meshery/meshery/mesheryctl/internal/cli/root/config/config.go:425.4,425.14 1 0
github.com/meshery/meshery/mesheryctl/internal/cli/root/config/config.go:429.2,429.43 1 0
github.com/meshery/meshery/mesheryctl/internal/cli/root/config/config.go:432.82,433.55 1 0
github.com/meshery/meshery/mesheryctl/internal/cli/root/config/config.go:433.55,435.3 1 0
github.com/meshery/meshery/mesheryctl/internal/cli/root/config/config.go:437.2,439.16 3 0
github.com/meshery/meshery/mesheryctl/internal/cli/root/config/config.go:439.16,441.3 1 0
github.com/meshery/meshery/mesheryctl/internal/cli/root/config/config.go:443.2,444.16 2 0
github.com/meshery/meshery/mesheryctl/internal/cli/root/config/config.go:444.16,446.3 1 0
github.com/meshery/meshery/mesheryctl/internal/cli/root/config/config.go:447.2,448.16 2 0
github.com/meshery/meshery/mesheryctl/internal/cli/root/config/config.go:448.16,450.3 1 0
github.com/meshery/meshery/mesheryctl/internal/cli/root/config/config.go:451.2,453.16 3 0
github.com/meshery/meshery/mesheryctl/internal/cli/root/config/config.go:453.16,455.3 1 0
github.com/meshery/meshery/mesheryctl/internal/cli/root/config/config.go:456.2,456.12 1 0
github.com/meshery/meshery/mesheryctl/internal/cli/root/config/config.go:461.113,462.55 1 0
github.com/meshery/meshery/mesheryctl/internal/cli/root/config/config.go:462.55,464.3 1 0
github.com/meshery/meshery/mesheryctl/internal/cli/root/config/config.go:466.2,468.16 3 0
github.com/meshery/meshery/mesheryctl/internal/cli/root/config/config.go:468.16,470.3 1 0
github.com/meshery/meshery/mesheryctl/internal/cli/root/config/config.go:472.2,473.16 2 0
github.com/meshery/meshery/mesheryctl/internal/cli/root/config/config.go:473.16,475.3 1 0
github.com/meshery/meshery/mesheryctl/internal/cli/root/config/config.go:477.2,477.29 1 0
github.com/meshery/meshery/mesheryctl/internal/cli/root/config/config.go:477.29,479.3 1 0
github.com/meshery/meshery/mesheryctl/internal/cli/root/config/config.go:481.2,482.26 2 0
github.com/meshery/meshery/mesheryctl/internal/cli/root/config/config.go:482.26,484.3 1 0
github.com/meshery/meshery/mesheryctl/internal/cli/root/config/config.go:486.2,487.9 2 0
github.com/meshery/meshery/mesheryctl/internal/cli/root/config/config.go:487.9,489.3 1 0
github.com/meshery/meshery/mesheryctl/internal/cli/root/config/config.go:491.2,496.16 5 0
github.com/meshery/meshery/mesheryctl/internal/cli/root/config/config.go:496.16,498.3 1 0
github.com/meshery/meshery/mesheryctl/internal/cli/root/config/config.go:500.2,500.12 1 0
github.com/meshery/meshery/mesheryctl/internal/cli/root/config/error.go:24.44,27.2 1 0
github.com/meshery/meshery/mesheryctl/internal/cli/root/config/error.go:29.39,35.2 1 10
github.com/meshery/meshery/mesheryctl/cmd/mesheryctl/main.go:24.13,27.16 2 0
github.com/meshery/meshery/mesheryctl/cmd/mesheryctl/main.go:27.16,29.3 1 0
github.com/meshery/meshery/mesheryctl/internal/cli/pkg/display/display.go:34.37,38.46 2 0
github.com/meshery/meshery/mesheryctl/internal/cli/pkg/display/display.go:38.46,40.3 1 0
github.com/meshery/meshery/mesheryctl/internal/cli/pkg/display/display.go:42.2,42.17 1 0
github.com/meshery/meshery/mesheryctl/internal/cli/pkg/display/display.go:42.17,44.3 1 0
github.com/meshery/meshery/mesheryctl/internal/cli/pkg/display/display.go:44.8,47.17 3 0
github.com/meshery/meshery/mesheryctl/internal/cli/pkg/display/display.go:47.17,49.4 1 0
github.com/meshery/meshery/mesheryctl/internal/cli/pkg/display/display.go:51.2,51.12 1 0
github.com/meshery/meshery/mesheryctl/internal/cli/pkg/display/display.go:55.99,57.30 2 0
github.com/meshery/meshery/mesheryctl/internal/cli/pkg/display/display.go:57.30,59.3 1 0
github.com/meshery/meshery/mesheryctl/internal/cli/pkg/display/display.go:60.2,64.3 1 0
github.com/meshery/meshery/mesheryctl/internal/cli/pkg/display/error.go:11.60,17.2 1 0
github.com/meshery/meshery/mesheryctl/internal/cli/pkg/display/pagination.go:28.9,33.21 3 5
github.com/meshery/meshery/mesheryctl/internal/cli/pkg/display/pagination.go:33.21,35.3 1 0
github.com/meshery/meshery/mesheryctl/internal/cli/pkg/display/pagination.go:37.2,37.6 1 5
github.com/meshery/meshery/mesheryctl/internal/cli/pkg/display/pagination.go:37.6,44.17 4 5
github.com/meshery/meshery/mesheryctl/internal/cli/pkg/display/pagination.go:44.17,45.49 1 2
github.com/meshery/meshery/mesheryctl/internal/cli/pkg/display/pagination.go:45.49,46.65 1 2
github.com/meshery/meshery/mesheryctl/internal/cli/pkg/display/pagination.go:46.65,48.6 1 2
github.com/meshery/meshery/mesheryctl/internal/cli/pkg/display/pagination.go:49.5,49.49 1 0
github.com/meshery/meshery/mesheryctl/internal/cli/pkg/display/pagination.go:51.4,51.14 1 0
github.com/meshery/meshery/mesheryctl/internal/cli/pkg/display/pagination.go:55.3,60.21 3 3
github.com/meshery/meshery/mesheryctl/internal/cli/pkg/display/pagination.go:60.21,61.9 1 1
github.com/meshery/meshery/mesheryctl/internal/cli/pkg/display/pagination.go:64.3,64.35 1 2
github.com/meshery/meshery/mesheryctl/internal/cli/pkg/display/pagination.go:64.35,66.4 1 1
github.com/meshery/meshery/mesheryctl/internal/cli/pkg/display/pagination.go:69.3,75.25 4 1
github.com/meshery/meshery/mesheryctl/internal/cli/pkg/display/pagination.go:75.25,76.9 1 1
github.com/meshery/meshery/mesheryctl/internal/cli/pkg/display/pagination.go:80.3,81.17 2 0
github.com/meshery/meshery/mesheryctl/internal/cli/pkg/display/pagination.go:81.17,83.4 1 0
github.com/meshery/meshery/mesheryctl/internal/cli/pkg/display/pagination.go:85.3,85.16 1 0
github.com/meshery/meshery/mesheryctl/internal/cli/pkg/display/pagination.go:85.16,87.4 1 0
github.com/meshery/meshery/mesheryctl/internal/cli/pkg/display/pagination.go:89.3,90.23 2 0
github.com/meshery/meshery/mesheryctl/internal/cli/pkg/display/pagination.go:90.23,92.9 2 0
github.com/meshery/meshery/mesheryctl/internal/cli/pkg/display/pagination.go:95.3,95.69 1 0
github.com/meshery/meshery/mesheryctl/internal/cli/pkg/display/pagination.go:95.69,96.9 1 0
github.com/meshery/meshery/mesheryctl/internal/cli/pkg/display/pagination.go:99.3,99.75 1 0
github.com/meshery/meshery/mesheryctl/internal/cli/pkg/display/pagination.go:99.75,102.4 2 0
github.com/meshery/meshery/mesheryctl/internal/cli/pkg/display/pagination.go:102.9,103.9 1 0
github.com/meshery/meshery/mesheryctl/internal/cli/pkg/display/pagination.go:108.2,108.12 1 2
github.com/meshery/meshery/mesheryctl/doc/doc.go:59.40,63.21 4 6
github.com/meshery/meshery/mesheryctl/doc/doc.go:63.21,66.3 2 3
github.com/meshery/meshery/mesheryctl/doc/doc.go:67.2,67.21 1 3
github.com/meshery/meshery/mesheryctl/doc/doc.go:67.21,70.3 2 2
github.com/meshery/meshery/mesheryctl/doc/doc.go:71.2,72.79 2 1
github.com/meshery/meshery/mesheryctl/doc/doc.go:76.41,80.20 4 0
github.com/meshery/meshery/mesheryctl/doc/doc.go:80.20,82.3 1 0
github.com/meshery/meshery/mesheryctl/doc/doc.go:82.8,84.3 1 0
github.com/meshery/meshery/mesheryctl/doc/doc.go:85.2,85.12 1 0
github.com/meshery/meshery/mesheryctl/doc/doc.go:88.38,91.21 3 4
github.com/meshery/meshery/mesheryctl/doc/doc.go:91.21,93.3 1 1
github.com/meshery/meshery/mesheryctl/doc/doc.go:94.2,94.21 1 3
github.com/meshery/meshery/mesheryctl/doc/doc.go:94.21,96.3 1 1
github.com/meshery/meshery/mesheryctl/doc/doc.go:97.2,97.21 1 2
github.com/meshery/meshery/mesheryctl/doc/doc.go:97.21,99.3 1 1
github.com/meshery/meshery/mesheryctl/doc/doc.go:100.2,100.34 1 1
github.com/meshery/meshery/mesheryctl/doc/doc.go:104.12,118.16 7 0
github.com/meshery/meshery/mesheryctl/doc/doc.go:118.16,120.3 1 0
github.com/meshery/meshery/mesheryctl/doc/doc.go:122.2,122.59 1 0
github.com/meshery/meshery/mesheryctl/doc/doc.go:126.64,129.31 3 5
github.com/meshery/meshery/mesheryctl/doc/doc.go:129.31,133.3 3 5
github.com/meshery/meshery/mesheryctl/doc/doc.go:135.2,137.37 3 5
github.com/meshery/meshery/mesheryctl/doc/doc.go:137.37,141.3 3 1
github.com/meshery/meshery/mesheryctl/doc/doc.go:142.2,142.12 1 5
github.com/meshery/meshery/mesheryctl/doc/doc.go:146.100,158.23 7 3
github.com/meshery/meshery/mesheryctl/doc/doc.go:158.23,163.22 4 2
github.com/meshery/meshery/mesheryctl/doc/doc.go:163.22,165.4 1 1
github.com/meshery/meshery/mesheryctl/doc/doc.go:165.9,167.4 1 1
github.com/meshery/meshery/mesheryctl/doc/doc.go:168.3,168.24 1 2
github.com/meshery/meshery/mesheryctl/doc/doc.go:172.2,172.20 1 3
github.com/meshery/meshery/mesheryctl/doc/doc.go:172.20,174.3 1 1
github.com/meshery/meshery/mesheryctl/doc/doc.go:177.2,178.9 2 3
github.com/meshery/meshery/mesheryctl/doc/doc.go:178.9,180.3 1 1
github.com/meshery/meshery/mesheryctl/doc/doc.go:181.2,182.9 2 3
github.com/meshery/meshery/mesheryctl/doc/doc.go:182.9,184.3 1 1
github.com/meshery/meshery/mesheryctl/doc/doc.go:187.2,187.26 1 3
github.com/meshery/meshery/mesheryctl/doc/doc.go:187.26,190.38 3 2
github.com/meshery/meshery/mesheryctl/doc/doc.go:190.38,191.69 1 2
github.com/meshery/meshery/mesheryctl/doc/doc.go:191.69,192.45 1 2
github.com/meshery/meshery/mesheryctl/doc/doc.go:192.45,195.6 1 1
github.com/meshery/meshery/mesheryctl/doc/doc.go:195.11,199.6 1 1
github.com/meshery/meshery/mesheryctl/doc/doc.go:204.2,204.47 1 3
github.com/meshery/meshery/mesheryctl/doc/doc.go:204.47,206.3 1 0
github.com/meshery/meshery/mesheryctl/doc/doc.go:209.2,209.19 1 3
github.com/meshery/meshery/mesheryctl/doc/doc.go:209.19,217.3 5 2
github.com/meshery/meshery/mesheryctl/doc/doc.go:219.2,219.35 1 3
github.com/meshery/meshery/mesheryctl/doc/doc.go:219.35,220.48 1 1
github.com/meshery/meshery/mesheryctl/doc/doc.go:220.48,223.4 2 1
github.com/meshery/meshery/mesheryctl/doc/doc.go:226.2,226.21 1 3
github.com/meshery/meshery/mesheryctl/doc/doc.go:226.21,228.22 2 1
github.com/meshery/meshery/mesheryctl/doc/doc.go:228.22,229.44 1 1
github.com/meshery/meshery/mesheryctl/doc/doc.go:229.44,230.28 1 1
github.com/meshery/meshery/mesheryctl/doc/doc.go:230.28,232.6 1 0
github.com/meshery/meshery/mesheryctl/doc/doc.go:234.4,234.37 1 1
github.com/meshery/meshery/mesheryctl/doc/doc.go:234.37,235.43 1 0
github.com/meshery/meshery/mesheryctl/doc/doc.go:235.43,236.37 1 0
github.com/meshery/meshery/mesheryctl/doc/doc.go:236.37,240.7 3 0
github.com/meshery/meshery/mesheryctl/doc/doc.go:242.5,242.26 1 0
github.com/meshery/meshery/mesheryctl/doc/doc.go:245.3,246.24 2 1
github.com/meshery/meshery/mesheryctl/doc/doc.go:249.2,249.28 1 3
github.com/meshery/meshery/mesheryctl/doc/doc.go:249.28,251.3 1 3
github.com/meshery/meshery/mesheryctl/doc/doc.go:252.2,253.12 2 3
github.com/meshery/meshery/mesheryctl/doc/doc.go:257.42,258.21 1 5
github.com/meshery/meshery/mesheryctl/doc/doc.go:258.21,260.3 1 2
github.com/meshery/meshery/mesheryctl/doc/doc.go:261.2,261.35 1 3
github.com/meshery/meshery/mesheryctl/doc/doc.go:261.35,262.66 1 6
github.com/meshery/meshery/mesheryctl/doc/doc.go:262.66,263.12 1 6
github.com/meshery/meshery/mesheryctl/doc/doc.go:265.3,265.14 1 0
github.com/meshery/meshery/mesheryctl/doc/doc.go:267.2,267.14 1 3
github.com/meshery/meshery/mesheryctl/doc/doc.go:271.114,272.35 1 1
github.com/meshery/meshery/mesheryctl/doc/doc.go:272.35,273.66 1 1
github.com/meshery/meshery/mesheryctl/doc/doc.go:273.66,274.12 1 1
github.com/meshery/meshery/mesheryctl/doc/doc.go:276.3,276.83 1 0
github.com/meshery/meshery/mesheryctl/doc/doc.go:276.83,278.4 1 0
github.com/meshery/meshery/mesheryctl/doc/doc.go:281.2,287.16 5 1
github.com/meshery/meshery/mesheryctl/doc/doc.go:287.16,289.3 1 0
github.com/meshery/meshery/mesheryctl/doc/doc.go:290.2,293.16 3 1
github.com/meshery/meshery/mesheryctl/doc/doc.go:293.16,295.3 1 0
github.com/meshery/meshery/mesheryctl/doc/doc.go:297.2,298.16 2 1
github.com/meshery/meshery/mesheryctl/doc/doc.go:298.16,300.3 1 0
github.com/meshery/meshery/mesheryctl/doc/doc.go:301.2,301.12 1 1
github.com/meshery/meshery/mesheryctl/doc/doc.go:304.74,308.16 3 5
github.com/meshery/meshery/mesheryctl/doc/doc.go:308.16,310.3 1 0
github.com/meshery/meshery/mesheryctl/doc/doc.go:312.2,313.16 2 5
github.com/meshery/meshery/mesheryctl/doc/doc.go:313.16,315.3 1 0
github.com/meshery/meshery/mesheryctl/doc/doc.go:317.2,321.39 4 5
github.com/meshery/meshery/mesheryctl/doc/doc.go:321.39,324.3 1 2
github.com/meshery/meshery/mesheryctl/doc/doc.go:325.2,325.37 1 5
github.com/meshery/meshery/mesheryctl/doc/doc.go:329.110,330.35 1 1
github.com/meshery/meshery/mesheryctl/doc/doc.go:330.35,331.66 1 3
github.com/meshery/meshery/mesheryctl/doc/doc.go:331.66,332.12 1 3
github.com/meshery/meshery/mesheryctl/doc/doc.go:334.3,334.79 1 0
github.com/meshery/meshery/mesheryctl/doc/doc.go:334.79,336.4 1 0
github.com/meshery/meshery/mesheryctl/doc/doc.go:339.2,342.16 4 1
github.com/meshery/meshery/mesheryctl/doc/doc.go:342.16,344.3 1 0
github.com/meshery/meshery/mesheryctl/doc/doc.go:346.2,347.16 2 1
github.com/meshery/meshery/mesheryctl/doc/doc.go:347.16,349.3 1 0
github.com/meshery/meshery/mesheryctl/doc/doc.go:351.2,352.16 2 1
github.com/meshery/meshery/mesheryctl/doc/doc.go:352.16,354.3 1 0
github.com/meshery/meshery/mesheryctl/doc/doc.go:357.2,357.33 1 1
github.com/meshery/meshery/mesheryctl/doc/doc.go:357.33,359.3 1 0
github.com/meshery/meshery/mesheryctl/doc/doc.go:360.2,362.12 2 1
github.com/meshery/meshery/mesheryctl/doc/doc.go:366.59,376.26 7 2
github.com/meshery/meshery/mesheryctl/doc/doc.go:376.26,378.3 1 2
github.com/meshery/meshery/mesheryctl/doc/doc.go:380.2,383.16 3 2
github.com/meshery/meshery/mesheryctl/doc/doc.go:383.16,386.3 2 0
github.com/meshery/meshery/mesheryctl/doc/doc.go:388.2,389.16 2 2
github.com/meshery/meshery/mesheryctl/doc/doc.go:389.16,391.3 1 0
github.com/meshery/meshery/mesheryctl/doc/doc.go:393.2,393.12 1 2
github.com/meshery/meshery/mesheryctl/doc/doc.go:396.13,398.2 1 0
github.com/meshery/meshery/mesheryctl/internal/cli/root/constants/constants.go:23.36,25.2 1 0
github.com/meshery/meshery/mesheryctl/internal/cli/root/constants/constants.go:27.38,29.2 1 0
github.com/meshery/meshery/mesheryctl/internal/cli/root/constants/constants.go:31.43,33.2 1 0
github.com/meshery/meshery/mesheryctl/internal/cli/pkg/api/meshery.go:17.43,19.16 2 0
github.com/meshery/meshery/mesheryctl/internal/cli/pkg/api/meshery.go:19.16,21.3 1 0
github.com/meshery/meshery/mesheryctl/internal/cli/pkg/api/meshery.go:22.2,22.46 1 0
github.com/meshery/meshery/mesheryctl/internal/cli/pkg/api/meshery.go:25.49,27.2 1 0
github.com/meshery/meshery/mesheryctl/internal/cli/pkg/api/meshery.go:31.89,33.2 1 0
github.com/meshery/meshery/mesheryctl/internal/cli/pkg/api/meshery.go:35.79,40.16 3 0
github.com/meshery/meshery/mesheryctl/internal/cli/pkg/api/meshery.go:40.16,42.3 1 0
github.com/meshery/meshery/mesheryctl/internal/cli/pkg/api/meshery.go:44.2,46.16 3 0
github.com/meshery/meshery/mesheryctl/internal/cli/pkg/api/meshery.go:46.16,48.3 1 0
github.com/meshery/meshery/mesheryctl/internal/cli/pkg/api/meshery.go:50.2,50.24 1 0
github.com/meshery/meshery/mesheryctl/internal/cli/pkg/api/meshery.go:54.120,56.16 2 0
github.com/meshery/meshery/mesheryctl/internal/cli/pkg/api/meshery.go:56.16,58.3 1 0
github.com/meshery/meshery/mesheryctl/internal/cli/pkg/api/meshery.go:60.2,63.16 3 0
github.com/meshery/meshery/mesheryctl/internal/cli/pkg/api/meshery.go:63.16,65.3 1 0
github.com/meshery/meshery/mesheryctl/internal/cli/pkg/api/meshery.go:70.2,70.28 1 0
github.com/meshery/meshery/mesheryctl/internal/cli/pkg/api/meshery.go:70.28,71.51 1 0
github.com/meshery/meshery/mesheryctl/internal/cli/pkg/api/meshery.go:71.51,74.4 1 0
github.com/meshery/meshery/mesheryctl/internal/cli/pkg/api/meshery.go:74.9,76.4 1 0
github.com/meshery/meshery/mesheryctl/internal/cli/pkg/api/meshery.go:79.2,80.16 2 0
github.com/meshery/meshery/mesheryctl/internal/cli/pkg/api/meshery.go:80.16,81.49 1 0
github.com/meshery/meshery/mesheryctl/internal/cli/pkg/api/meshery.go:81.49,82.51 1 0
github.com/meshery/meshery/mesheryctl/internal/cli/pkg/api/meshery.go:82.51,88.5 5 0
github.com/meshery/meshery/mesheryctl/internal/cli/pkg/api/meshery.go:90.3,90.18 1 0
github.com/meshery/meshery/mesheryctl/internal/cli/pkg/api/meshery.go:93.2,93.18 1 0
github.com/meshery/meshery/mesheryctl/internal/cli/pkg/api/meshery.go:96.75,99.2 2 0
github.com/meshery/meshery/mesheryctl/internal/cli/root/experimental/experimental.go:36.54,37.21 1 0
github.com/meshery/meshery/mesheryctl/internal/cli/root/experimental/experimental.go:37.21,39.4 1 0
github.com/meshery/meshery/mesheryctl/internal/cli/root/experimental/experimental.go:40.3,40.72 1 0
github.com/meshery/meshery/mesheryctl/internal/cli/root/experimental/experimental.go:40.72,42.4 1 0
github.com/meshery/meshery/mesheryctl/internal/cli/root/experimental/experimental.go:43.3,43.13 1 0
github.com/meshery/meshery/mesheryctl/internal/cli/root/experimental/experimental.go:47.13,51.2 2 0
github.com/meshery/meshery/mesheryctl/internal/cli/root/connections/connection.go:38.54,40.35 2 0
github.com/meshery/meshery/mesheryctl/internal/cli/root/connections/connection.go:40.35,41.38 1 0
github.com/meshery/meshery/mesheryctl/internal/cli/root/connections/connection.go:41.38,43.5 1 0
github.com/meshery/meshery/mesheryctl/internal/cli/root/connections/connection.go:44.4,44.52 1 0
github.com/meshery/meshery/mesheryctl/internal/cli/root/connections/connection.go:46.3,46.13 1 0
github.com/meshery/meshery/mesheryctl/internal/cli/root/connections/connection.go:49.54,51.16 2 0
github.com/meshery/meshery/mesheryctl/internal/cli/root/connections/connection.go:51.16,54.18 2 0
github.com/meshery/meshery/mesheryctl/internal/cli/root/connections/connection.go:54.18,56.5 1 0
github.com/meshery/meshery/mesheryctl/internal/cli/root/connections/connection.go:58.4,60.14 2 0
github.com/meshery/meshery/mesheryctl/internal/cli/root/connections/connection.go:63.3,63.72 1 0
github.com/meshery/meshery/mesheryctl/internal/cli/root/connections/connection.go:63.72,65.4 1 0
github.com/meshery/meshery/mesheryctl/internal/cli/root/connections/connection.go:66.3,67.17 2 0
github.com/meshery/meshery/mesheryctl/internal/cli/root/connections/connection.go:67.17,69.4 1 0
github.com/meshery/meshery/mesheryctl/internal/cli/root/connections/connection.go:70.3,71.17 2 0
github.com/meshery/meshery/mesheryctl/internal/cli/root/connections/connection.go:71.17,73.4 1 0
github.com/meshery/meshery/mesheryctl/internal/cli/root/connections/connection.go:74.3,74.13 1 0
github.com/meshery/meshery/mesheryctl/internal/cli/root/connections/connection.go:78.13,81.2 2 0
github.com/meshery/meshery/mesheryctl/internal/cli/root/connections/create.go:54.52,55.27 1 0
github.com/meshery/meshery/mesheryctl/internal/cli/root/connections/create.go:55.27,57.4 1 0
github.com/meshery/meshery/mesheryctl/internal/cli/root/connections/create.go:58.3,59.32 2 0
github.com/meshery/meshery/mesheryctl/internal/cli/root/connections/create.go:59.32,60.27 1 0
github.com/meshery/meshery/mesheryctl/internal/cli/root/connections/create.go:60.27,62.5 1 0
github.com/meshery/meshery/mesheryctl/internal/cli/root/connections/create.go:64.3,64.110 1 0
github.com/meshery/meshery/mesheryctl/internal/cli/root/connections/create.go:66.54,67.25 1 0
github.com/meshery/meshery/mesheryctl/internal/cli/root/connections/create.go:68.14,69.32 1 0
github.com/meshery/meshery/mesheryctl/internal/cli/root/connections/create.go:70.14,71.32 1 0
github.com/meshery/meshery/mesheryctl/internal/cli/root/connections/create.go:72.14,73.32 1 0
github.com/meshery/meshery/mesheryctl/internal/cli/root/connections/create.go:74.19,75.37 1 0
github.com/meshery/meshery/mesheryctl/internal/cli/root/connections/create.go:76.11,77.72 1 0
github.com/meshery/meshery/mesheryctl/internal/cli/root/connections/create.go:82.34,87.16 5 0
github.com/meshery/meshery/mesheryctl/internal/cli/root/connections/create.go:87.16,89.3 1 0
github.com/meshery/meshery/mesheryctl/internal/cli/root/connections/create.go:90.2,96.16 5 0
github.com/meshery/meshery/mesheryctl/internal/cli/root/connections/create.go:96.16,100.17 4 0
github.com/meshery/meshery/mesheryctl/internal/cli/root/connections/create.go:100.17,102.4 1 0
github.com/meshery/meshery/mesheryctl/internal/cli/root/connections/create.go:106.2,108.16 3 0
github.com/meshery/meshery/mesheryctl/internal/cli/root/connections/create.go:108.16,112.17 4 0
github.com/meshery/meshery/mesheryctl/internal/cli/root/connections/create.go:112.17,114.4 1 0
github.com/meshery/meshery/mesheryctl/internal/cli/root/connections/create.go:118.2,123.16 5 0
github.com/meshery/meshery/mesheryctl/internal/cli/root/connections/create.go:123.16,126.3 2 0
github.com/meshery/meshery/mesheryctl/internal/cli/root/connections/create.go:127.2,131.12 3 0
github.com/meshery/meshery/mesheryctl/internal/cli/root/connections/create.go:134.34,139.16 5 0
github.com/meshery/meshery/mesheryctl/internal/cli/root/connections/create.go:139.16,141.3 1 0
github.com/meshery/meshery/mesheryctl/internal/cli/root/connections/create.go:142.2,148.16 5 0
github.com/meshery/meshery/mesheryctl/internal/cli/root/connections/create.go:148.16,152.17 4 0
github.com/meshery/meshery/mesheryctl/internal/cli/root/connections/create.go:152.17,154.4 1 0
github.com/meshery/meshery/mesheryctl/internal/cli/root/connections/create.go:158.2,160.16 3 0
github.com/meshery/meshery/mesheryctl/internal/cli/root/connections/create.go:160.16,164.17 4 0
github.com/meshery/meshery/mesheryctl/internal/cli/root/connections/create.go:164.17,166.4 1 0
github.com/meshery/meshery/mesheryctl/internal/cli/root/connections/create.go:170.2,175.16 5 0
github.com/meshery/meshery/mesheryctl/internal/cli/root/connections/create.go:175.16,178.3 2 0
github.com/meshery/meshery/mesheryctl/internal/cli/root/connections/create.go:179.2,183.12 3 0
github.com/meshery/meshery/mesheryctl/internal/cli/root/connections/create.go:186.34,190.85 3 0
github.com/meshery/meshery/mesheryctl/internal/cli/root/connections/create.go:190.85,193.3 2 0
github.com/meshery/meshery/mesheryctl/internal/cli/root/connections/create.go:194.2,198.12 3 0
github.com/meshery/meshery/mesheryctl/internal/cli/root/connections/create.go:201.39,204.53 2 0
github.com/meshery/meshery/mesheryctl/internal/cli/root/connections/create.go:204.53,207.3 2 0
github.com/meshery/meshery/mesheryctl/internal/cli/root/connections/create.go:208.2,209.37 2 0
github.com/meshery/meshery/mesheryctl/internal/cli/root/connections/create.go:209.37,212.3 2 0
github.com/meshery/meshery/mesheryctl/internal/cli/root/connections/create.go:214.2,215.16 2 0
github.com/meshery/meshery/mesheryctl/internal/cli/root/connections/create.go:215.16,218.3 2 0
github.com/meshery/meshery/mesheryctl/internal/cli/root/connections/create.go:220.2,221.16 2 0
github.com/meshery/meshery/mesheryctl/internal/cli/root/connections/create.go:221.16,224.3 2 0
github.com/meshery/meshery/mesheryctl/internal/cli/root/connections/create.go:225.2,229.12 3 0
github.com/meshery/meshery/mesheryctl/internal/cli/root/connections/create.go:232.55,236.16 3 0
github.com/meshery/meshery/mesheryctl/internal/cli/root/connections/create.go:236.16,239.3 2 0
github.com/meshery/meshery/mesheryctl/internal/cli/root/connections/create.go:242.2,245.16 3 0
github.com/meshery/meshery/mesheryctl/internal/cli/root/connections/create.go:245.16,247.3 1 0
github.com/meshery/meshery/mesheryctl/internal/cli/root/connections/create.go:249.2,250.16 2 0
github.com/meshery/meshery/mesheryctl/internal/cli/root/connections/create.go:250.16,252.3 1 0
github.com/meshery/meshery/mesheryctl/internal/cli/root/connections/create.go:253.2,253.37 1 0
github.com/meshery/meshery/mesheryctl/internal/cli/root/connections/create.go:253.37,257.3 3 0
github.com/meshery/meshery/mesheryctl/internal/cli/root/connections/create.go:258.2,261.16 3 0
github.com/meshery/meshery/mesheryctl/internal/cli/root/connections/create.go:261.16,263.3 1 0
github.com/meshery/meshery/mesheryctl/internal/cli/root/connections/create.go:265.2,268.16 4 0
github.com/meshery/meshery/mesheryctl/internal/cli/root/connections/create.go:268.16,270.3 1 0
github.com/meshery/meshery/mesheryctl/internal/cli/root/connections/create.go:272.2,272.20 1 0
github.com/meshery/meshery/mesheryctl/internal/cli/root/connections/create.go:272.20,275.3 2 0
github.com/meshery/meshery/mesheryctl/internal/cli/root/connections/create.go:277.2,278.30 2 0
github.com/meshery/meshery/mesheryctl/internal/cli/root/connections/create.go:278.30,280.10 2 0
github.com/meshery/meshery/mesheryctl/internal/cli/root/connections/create.go:280.10,283.4 2 0
github.com/meshery/meshery/mesheryctl/internal/cli/root/connections/create.go:284.3,284.47 1 0
github.com/meshery/meshery/mesheryctl/internal/cli/root/connections/create.go:286.2,287.26 2 0
github.com/meshery/meshery/mesheryctl/internal/cli/root/connections/create.go:290.49,296.16 4 0
github.com/meshery/meshery/mesheryctl/internal/cli/root/connections/create.go:296.16,299.3 2 0
github.com/meshery/meshery/mesheryctl/internal/cli/root/connections/create.go:302.2,304.16 3 0
github.com/meshery/meshery/mesheryctl/internal/cli/root/connections/create.go:304.16,306.3 1 0
github.com/meshery/meshery/mesheryctl/internal/cli/root/connections/create.go:307.2,308.16 2 0
github.com/meshery/meshery/mesheryctl/internal/cli/root/connections/create.go:308.16,310.3 1 0
github.com/meshery/meshery/mesheryctl/internal/cli/root/connections/create.go:311.2,314.16 3 0
github.com/meshery/meshery/mesheryctl/internal/cli/root/connections/create.go:314.16,316.3 1 0
github.com/meshery/meshery/mesheryctl/internal/cli/root/connections/create.go:318.2,319.12 2 0
github.com/meshery/meshery/mesheryctl/internal/cli/root/connections/create.go:323.17,326.16 3 0
github.com/meshery/meshery/mesheryctl/internal/cli/root/connections/create.go:326.16,328.3 1 0
github.com/meshery/meshery/mesheryctl/internal/cli/root/connections/create.go:329.2,329.42 1 0
github.com/meshery/meshery/mesheryctl/internal/cli/root/connections/create.go:329.42,331.3 1 0
github.com/meshery/meshery/mesheryctl/internal/cli/root/connections/create.go:332.2,333.23 2 0
github.com/meshery/meshery/mesheryctl/internal/cli/root/connections/create.go:333.23,335.32 2 0
github.com/meshery/meshery/mesheryctl/internal/cli/root/connections/create.go:335.32,337.4 1 0
github.com/meshery/meshery/mesheryctl/internal/cli/root/connections/create.go:338.3,341.17 4 0
github.com/meshery/meshery/mesheryctl/internal/cli/root/connections/create.go:341.17,343.4 1 0
github.com/meshery/meshery/mesheryctl/internal/cli/root/connections/create.go:344.3,344.43 1 0
github.com/meshery/meshery/mesheryctl/internal/cli/root/connections/create.go:344.43,346.4 1 0
github.com/meshery/meshery/mesheryctl/internal/cli/root/connections/create.go:347.3,347.33 1 0
github.com/meshery/meshery/mesheryctl/internal/cli/root/connections/create.go:350.2,352.16 3 0
github.com/meshery/meshery/mesheryctl/internal/cli/root/connections/create.go:352.16,354.3 1 0
github.com/meshery/meshery/mesheryctl/internal/cli/root/connections/create.go:357.13,360.2 2 0
github.com/meshery/meshery/mesheryctl/internal/cli/root/connections/delete.go:24.52,26.21 2 0
github.com/meshery/meshery/mesheryctl/internal/cli/root/connections/delete.go:26.21,28.4 1 0
github.com/meshery/meshery/mesheryctl/internal/cli/root/connections/delete.go:29.3,29.13 1 0
github.com/meshery/meshery/mesheryctl/internal/cli/root/connections/delete.go:32.54,34.17 2 0
github.com/meshery/meshery/mesheryctl/internal/cli/root/connections/delete.go:34.17,36.4 1 0
github.com/meshery/meshery/mesheryctl/internal/cli/root/connections/delete.go:38.3,41.17 4 0
github.com/meshery/meshery/mesheryctl/internal/cli/root/connections/delete.go:41.17,43.4 1 0
github.com/meshery/meshery/mesheryctl/internal/cli/root/connections/delete.go:45.3,46.17 2 0
github.com/meshery/meshery/mesheryctl/internal/cli/root/connections/delete.go:46.17,48.4 1 0
github.com/meshery/meshery/mesheryctl/internal/cli/root/connections/delete.go:51.3,54.39 2 0
github.com/meshery/meshery/mesheryctl/internal/cli/root/connections/delete.go:54.39,57.4 2 0
github.com/meshery/meshery/mesheryctl/internal/cli/root/connections/delete.go:59.3,59.105 1 0
github.com/meshery/meshery/mesheryctl/internal/cli/root/connections/list.go:28.52,30.21 2 0
github.com/meshery/meshery/mesheryctl/internal/cli/root/connections/list.go:30.21,32.4 1 0
github.com/meshery/meshery/mesheryctl/internal/cli/root/connections/list.go:33.3,33.13 1 0
github.com/meshery/meshery/mesheryctl/internal/cli/root/connections/list.go:36.54,39.17 2 0
github.com/meshery/meshery/mesheryctl/internal/cli/root/connections/list.go:39.17,41.4 1 0
github.com/meshery/meshery/mesheryctl/internal/cli/root/connections/list.go:43.3,45.62 3 0
github.com/meshery/meshery/mesheryctl/internal/cli/root/connections/list.go:45.62,47.4 1 0
github.com/meshery/meshery/mesheryctl/internal/cli/root/connections/list.go:49.3,59.17 4 0
github.com/meshery/meshery/mesheryctl/internal/cli/root/connections/list.go:59.17,61.4 1 0
github.com/meshery/meshery/mesheryctl/internal/cli/root/connections/list.go:63.3,63.13 1 0
github.com/meshery/meshery/mesheryctl/internal/cli/root/connections/list.go:67.71,73.27 4 0
github.com/meshery/meshery/mesheryctl/internal/cli/root/connections/list.go:73.27,75.3 1 0
github.com/meshery/meshery/mesheryctl/internal/cli/root/connections/list.go:77.2,82.37 4 0
github.com/meshery/meshery/mesheryctl/internal/cli/root/connections/list.go:82.37,84.3 1 0
github.com/meshery/meshery/mesheryctl/internal/cli/root/connections/list.go:86.2,86.13 1 0
github.com/meshery/meshery/mesheryctl/internal/cli/root/connections/list.go:89.13,92.2 2 0
github.com/meshery/meshery/mesheryctl/internal/cli/root/connections/view.go:48.52,50.21 2 0
github.com/meshery/meshery/mesheryctl/internal/cli/root/connections/view.go:50.21,52.4 1 0
github.com/meshery/meshery/mesheryctl/internal/cli/root/connections/view.go:52.9,52.27 1 0
github.com/meshery/meshery/mesheryctl/internal/cli/root/connections/view.go:52.27,54.4 1 0
github.com/meshery/meshery/mesheryctl/internal/cli/root/connections/view.go:55.3,55.13 1 0
github.com/meshery/meshery/mesheryctl/internal/cli/root/connections/view.go:57.54,59.17 2 0
github.com/meshery/meshery/mesheryctl/internal/cli/root/connections/view.go:59.17,62.4 2 0
github.com/meshery/meshery/mesheryctl/internal/cli/root/connections/view.go:64.3,69.17 5 0
github.com/meshery/meshery/mesheryctl/internal/cli/root/connections/view.go:69.17,72.4 2 0
github.com/meshery/meshery/mesheryctl/internal/cli/root/connections/view.go:74.3,75.17 2 0
github.com/meshery/meshery/mesheryctl/internal/cli/root/connections/view.go:75.17,78.4 2 0
github.com/meshery/meshery/mesheryctl/internal/cli/root/connections/view.go:80.3,80.39 1 0
github.com/meshery/meshery/mesheryctl/internal/cli/root/connections/view.go:80.39,84.4 3 0
github.com/meshery/meshery/mesheryctl/internal/cli/root/connections/view.go:87.3,90.17 3 0
github.com/meshery/meshery/mesheryctl/internal/cli/root/connections/view.go:90.17,93.4 2 0
github.com/meshery/meshery/mesheryctl/internal/cli/root/connections/view.go:95.3,97.17 3 0
github.com/meshery/meshery/mesheryctl/internal/cli/root/connections/view.go:97.17,100.4 2 0
github.com/meshery/meshery/mesheryctl/internal/cli/root/connections/view.go:102.3,104.42 2 0
github.com/meshery/meshery/mesheryctl/internal/cli/root/connections/view.go:104.42,107.4 2 0
github.com/meshery/meshery/mesheryctl/internal/cli/root/connections/view.go:107.9,107.49 1 0
github.com/meshery/meshery/mesheryctl/internal/cli/root/connections/view.go:107.49,109.4 1 0
github.com/meshery/meshery/mesheryctl/internal/cli/root/connections/view.go:109.9,111.4 1 0
github.com/meshery/meshery/mesheryctl/internal/cli/root/connections/view.go:113.3,119.63 3 0
github.com/meshery/meshery/mesheryctl/internal/cli/root/connections/view.go:119.63,121.4 1 0
github.com/meshery/meshery/mesheryctl/internal/cli/root/connections/view.go:123.3,124.17 2 0
github.com/meshery/meshery/mesheryctl/internal/cli/root/connections/view.go:124.17,126.4 1 0
github.com/meshery/meshery/mesheryctl/internal/cli/root/connections/view.go:127.3,129.33 2 0
github.com/meshery/meshery/mesheryctl/internal/cli/root/connections/view.go:129.33,130.66 1 0
github.com/meshery/meshery/mesheryctl/internal/cli/root/connections/view.go:130.66,132.5 1 0
github.com/meshery/meshery/mesheryctl/internal/cli/root/connections/view.go:133.4,133.16 1 0
github.com/meshery/meshery/mesheryctl/internal/cli/root/connections/view.go:133.16,136.19 3 0
github.com/meshery/meshery/mesheryctl/internal/cli/root/connections/view.go:136.19,138.6 1 0
github.com/meshery/meshery/mesheryctl/internal/cli/root/connections/view.go:139.5,139.100 1 0
github.com/meshery/meshery/mesheryctl/internal/cli/root/connections/view.go:140.10,142.5 1 0
github.com/meshery/meshery/mesheryctl/internal/cli/root/connections/view.go:143.9,144.16 1 0
github.com/meshery/meshery/mesheryctl/internal/cli/root/connections/view.go:144.16,147.19 3 0
github.com/meshery/meshery/mesheryctl/internal/cli/root/connections/view.go:147.19,149.6 1 0
github.com/meshery/meshery/mesheryctl/internal/cli/root/connections/view.go:150.5,151.19 2 0
github.com/meshery/meshery/mesheryctl/internal/cli/root/connections/view.go:151.19,153.6 1 0
github.com/meshery/meshery/mesheryctl/internal/cli/root/connections/view.go:154.5,155.15 2 0
github.com/meshery/meshery/mesheryctl/internal/cli/root/connections/view.go:157.4,157.51 1 0
github.com/meshery/meshery/mesheryctl/internal/cli/root/connections/view.go:160.3,160.13 1 0
github.com/meshery/meshery/mesheryctl/internal/cli/root/connections/view.go:165.96,168.39 2 0
github.com/meshery/meshery/mesheryctl/internal/cli/root/connections/view.go:168.39,171.3 2 0
github.com/meshery/meshery/mesheryctl/internal/cli/root/connections/view.go:173.2,178.6 2 0
github.com/meshery/meshery/mesheryctl/internal/cli/root/connections/view.go:178.6,180.17 2 0
github.com/meshery/meshery/mesheryctl/internal/cli/root/connections/view.go:180.17,181.12 1 0
github.com/meshery/meshery/mesheryctl/internal/cli/root/connections/view.go:184.3,184.28 1 0
github.com/meshery/meshery/mesheryctl/internal/cli/root/connections/view.go:189.69,197.2 4 0
github.com/meshery/meshery/mesheryctl/internal/cli/root/connections/view.go:199.13,202.2 2 0
github.com/meshery/meshery/mesheryctl/internal/cli/root/completion.go:62.52,64.21 2 0
github.com/meshery/meshery/mesheryctl/internal/cli/root/completion.go:64.21,66.4 1 0
github.com/meshery/meshery/mesheryctl/internal/cli/root/completion.go:67.3,67.13 1 0
github.com/meshery/meshery/mesheryctl/internal/cli/root/completion.go:71.54,72.18 1 0
github.com/meshery/meshery/mesheryctl/internal/cli/root/completion.go:73.15,74.50 1 0
github.com/meshery/meshery/mesheryctl/internal/cli/root/completion.go:75.14,76.49 1 0
github.com/meshery/meshery/mesheryctl/internal/cli/root/completion.go:77.15,78.56 1 0
github.com/meshery/meshery/mesheryctl/internal/cli/root/completion.go:79.11,80.92 1 0
github.com/meshery/meshery/mesheryctl/internal/cli/root/error.go:43.43,45.2 1 0
github.com/meshery/meshery/mesheryctl/internal/cli/root/error.go:47.45,49.2 1 0
github.com/meshery/meshery/mesheryctl/internal/cli/root/error.go:51.48,53.2 1 0
github.com/meshery/meshery/mesheryctl/internal/cli/root/error.go:55.47,57.2 1 0
github.com/meshery/meshery/mesheryctl/internal/cli/root/root.go:67.54,68.21 1 0
github.com/meshery/meshery/mesheryctl/internal/cli/root/root.go:68.21,70.4 1 0
github.com/meshery/meshery/mesheryctl/internal/cli/root/root.go:72.3,72.72 1 0
github.com/meshery/meshery/mesheryctl/internal/cli/root/root.go:72.72,74.4 1 0
github.com/meshery/meshery/mesheryctl/internal/cli/root/root.go:76.3,76.13 1 0
github.com/meshery/meshery/mesheryctl/internal/cli/root/root.go:82.22,89.2 4 0
github.com/meshery/meshery/mesheryctl/internal/cli/root/root.go:91.13,93.16 2 1
github.com/meshery/meshery/mesheryctl/internal/cli/root/root.go:93.16,95.3 1 0
github.com/meshery/meshery/mesheryctl/internal/cli/root/root.go:97.2,126.42 8 1
github.com/meshery/meshery/mesheryctl/internal/cli/root/root.go:129.38,134.46 1 1
github.com/meshery/meshery/mesheryctl/internal/cli/root/root.go:134.46,136.32 2 0
github.com/meshery/meshery/mesheryctl/internal/cli/root/root.go:136.32,139.5 2 0
github.com/meshery/meshery/mesheryctl/internal/cli/root/root.go:140.4,141.29 2 0
github.com/meshery/meshery/mesheryctl/internal/cli/root/root.go:146.32,148.2 1 0
github.com/meshery/meshery/mesheryctl/internal/cli/root/root.go:151.19,156.40 3 0
github.com/meshery/meshery/mesheryctl/internal/cli/root/root.go:156.40,160.3 1 0
github.com/meshery/meshery/mesheryctl/internal/cli/root/root.go:160.8,162.46 2 0
github.com/meshery/meshery/mesheryctl/internal/cli/root/root.go:162.46,164.4 1 0
github.com/meshery/meshery/mesheryctl/internal/cli/root/root.go:165.3,165.25 1 0
github.com/meshery/meshery/mesheryctl/internal/cli/root/root.go:165.25,167.4 1 0
github.com/meshery/meshery/mesheryctl/internal/cli/root/root.go:170.3,170.70 1 0
github.com/meshery/meshery/mesheryctl/internal/cli/root/root.go:170.70,172.58 1 0
github.com/meshery/meshery/mesheryctl/internal/cli/root/root.go:172.58,173.27 1 0
github.com/meshery/meshery/mesheryctl/internal/cli/root/root.go:173.27,175.20 2 0
github.com/meshery/meshery/mesheryctl/internal/cli/root/root.go:175.20,177.7 1 0
github.com/meshery/meshery/mesheryctl/internal/cli/root/root.go:182.4,183.18 2 0
github.com/meshery/meshery/mesheryctl/internal/cli/root/root.go:183.18,185.5 1 0
github.com/meshery/meshery/mesheryctl/internal/cli/root/root.go:188.4,189.18 2 0
github.com/meshery/meshery/mesheryctl/internal/cli/root/root.go:189.18,191.5 1 0
github.com/meshery/meshery/mesheryctl/internal/cli/root/root.go:194.4,195.18 2 0
github.com/meshery/meshery/mesheryctl/internal/cli/root/root.go:195.18,197.5 1 0
github.com/meshery/meshery/mesheryctl/internal/cli/root/root.go:199.4,202.7 1 0
github.com/meshery/meshery/mesheryctl/internal/cli/root/root.go:204.3,204.47 1 0
github.com/meshery/meshery/mesheryctl/internal/cli/root/root.go:207.2,210.45 2 0
github.com/meshery/meshery/mesheryctl/internal/cli/root/root.go:210.45,212.3 1 0
github.com/meshery/meshery/mesheryctl/internal/cli/root/root.go:216.19,219.13 2 0
github.com/meshery/meshery/mesheryctl/internal/cli/root/root.go:219.13,221.3 1 0
github.com/meshery/meshery/mesheryctl/internal/cli/root/root.go:224.20,227.2 2 0
github.com/meshery/meshery/mesheryctl/internal/cli/root/version.go:52.57,55.17 3 0
github.com/meshery/meshery/mesheryctl/internal/cli/root/version.go:55.17,60.20 4 0
github.com/meshery/meshery/mesheryctl/internal/cli/root/version.go:60.20,64.19 3 0
github.com/meshery/meshery/mesheryctl/internal/cli/root/version.go:64.19,66.6 1 0
github.com/meshery/meshery/mesheryctl/internal/cli/root/version.go:69.5,70.19 2 0
github.com/meshery/meshery/mesheryctl/internal/cli/root/version.go:70.19,72.6 1 0
github.com/meshery/meshery/mesheryctl/internal/cli/root/version.go:75.5,76.19 2 0
github.com/meshery/meshery/mesheryctl/internal/cli/root/version.go:76.19,78.6 1 0
github.com/meshery/meshery/mesheryctl/internal/cli/root/version.go:80.5,86.19 3 0
github.com/meshery/meshery/mesheryctl/internal/cli/root/version.go:86.19,88.6 1 0
github.com/meshery/meshery/mesheryctl/internal/cli/root/version.go:89.5,90.19 2 0
github.com/meshery/meshery/mesheryctl/internal/cli/root/version.go:90.19,92.6 1 0
github.com/meshery/meshery/mesheryctl/internal/cli/root/version.go:93.5,94.19 2 0
github.com/meshery/meshery/mesheryctl/internal/cli/root/version.go:94.19,96.6 1 0
github.com/meshery/meshery/mesheryctl/internal/cli/root/version.go:97.5,97.15 1 0
github.com/meshery/meshery/mesheryctl/internal/cli/root/version.go:99.4,99.114 1 0
github.com/meshery/meshery/mesheryctl/internal/cli/root/version.go:101.3,102.17 2 0
github.com/meshery/meshery/mesheryctl/internal/cli/root/version.go:102.17,104.4 1 0
github.com/meshery/meshery/mesheryctl/internal/cli/root/version.go:105.3,106.17 2 0
github.com/meshery/meshery/mesheryctl/internal/cli/root/version.go:106.17,108.4 1 0
github.com/meshery/meshery/mesheryctl/internal/cli/root/version.go:109.3,109.13 1 0
github.com/meshery/meshery/mesheryctl/internal/cli/root/version.go:111.47,127.17 8 0
github.com/meshery/meshery/mesheryctl/internal/cli/root/version.go:127.17,131.4 3 0
github.com/meshery/meshery/mesheryctl/internal/cli/root/version.go:133.3,137.17 4 0
github.com/meshery/meshery/mesheryctl/internal/cli/root/version.go:137.17,141.4 3 0
github.com/meshery/meshery/mesheryctl/internal/cli/root/version.go:144.3,146.17 3 0
github.com/meshery/meshery/mesheryctl/internal/cli/root/version.go:146.17,150.4 3 0
github.com/meshery/meshery/mesheryctl/internal/cli/root/version.go:152.3,153.17 2 0
github.com/meshery/meshery/mesheryctl/internal/cli/root/version.go:153.17,157.4 3 0
github.com/meshery/meshery/mesheryctl/internal/cli/root/version.go:159.3,161.40 3 0
github.com/meshery/meshery/mesheryctl/internal/cli/root/components/component.go:56.54,58.31 2 2
github.com/meshery/meshery/mesheryctl/internal/cli/root/components/component.go:58.31,59.38 1 0
github.com/meshery/meshery/mesheryctl/internal/cli/root/components/component.go:59.38,61.5 1 0
github.com/meshery/meshery/mesheryctl/internal/cli/root/components/component.go:62.4,62.78 1 0
github.com/meshery/meshery/mesheryctl/internal/cli/root/components/component.go:64.3,64.13 1 2
github.com/meshery/meshery/mesheryctl/internal/cli/root/components/component.go:66.54,68.12 2 2
github.com/meshery/meshery/mesheryctl/internal/cli/root/components/component.go:68.12,70.4 1 1
github.com/meshery/meshery/mesheryctl/internal/cli/root/components/component.go:72.3,72.72 1 1
github.com/meshery/meshery/mesheryctl/internal/cli/root/components/component.go:72.72,74.4 1 1
github.com/meshery/meshery/mesheryctl/internal/cli/root/components/component.go:75.3,76.17 2 0
github.com/meshery/meshery/mesheryctl/internal/cli/root/components/component.go:76.17,78.4 1 0
github.com/meshery/meshery/mesheryctl/internal/cli/root/components/component.go:79.3,80.17 2 0
github.com/meshery/meshery/mesheryctl/internal/cli/root/components/component.go:80.17,82.4 1 0
github.com/meshery/meshery/mesheryctl/internal/cli/root/components/component.go:83.3,83.13 1 0
github.com/meshery/meshery/mesheryctl/internal/cli/root/components/component.go:87.13,90.2 2 1
github.com/meshery/meshery/mesheryctl/internal/cli/root/components/component.go:92.116,94.58 2 5
github.com/meshery/meshery/mesheryctl/internal/cli/root/components/component.go:94.58,96.26 2 4
github.com/meshery/meshery/mesheryctl/internal/cli/root/components/component.go:96.26,98.4 1 0
github.com/meshery/meshery/mesheryctl/internal/cli/root/components/component.go:99.3,100.22 2 4
github.com/meshery/meshery/mesheryctl/internal/cli/root/components/component.go:100.22,102.4 1 0
github.com/meshery/meshery/mesheryctl/internal/cli/root/components/component.go:103.3,104.29 2 4
github.com/meshery/meshery/mesheryctl/internal/cli/root/components/component.go:104.29,106.4 1 0
github.com/meshery/meshery/mesheryctl/internal/cli/root/components/component.go:107.3,108.27 2 4
github.com/meshery/meshery/mesheryctl/internal/cli/root/components/component.go:108.27,110.4 1 0
github.com/meshery/meshery/mesheryctl/internal/cli/root/components/component.go:111.3,111.92 1 4
github.com/meshery/meshery/mesheryctl/internal/cli/root/components/component.go:114.2,114.46 1 5
github.com/meshery/meshery/mesheryctl/internal/cli/root/components/component.go:117.63,130.2 3 1
github.com/meshery/meshery/mesheryctl/internal/cli/root/components/list.go:49.54,61.17 3 3
github.com/meshery/meshery/mesheryctl/internal/cli/root/components/list.go:61.17,63.4 1 0
github.com/meshery/meshery/mesheryctl/internal/cli/root/components/list.go:64.3,64.13 1 3
github.com/meshery/meshery/mesheryctl/internal/cli/root/components/list.go:68.13,73.2 3 1
github.com/meshery/meshery/mesheryctl/internal/cli/root/components/search.go:39.52,41.21 2 2
github.com/meshery/meshery/mesheryctl/internal/cli/root/components/search.go:41.21,43.4 1 1
github.com/meshery/meshery/mesheryctl/internal/cli/root/components/search.go:44.3,44.13 1 1
github.com/meshery/meshery/mesheryctl/internal/cli/root/components/search.go:46.54,54.17 6 1
github.com/meshery/meshery/mesheryctl/internal/cli/root/components/search.go:54.17,56.4 1 0
github.com/meshery/meshery/mesheryctl/internal/cli/root/components/search.go:58.3,72.17 5 1
github.com/meshery/meshery/mesheryctl/internal/cli/root/components/search.go:72.17,74.4 1 0
github.com/meshery/meshery/mesheryctl/internal/cli/root/components/search.go:76.3,76.13 1 1
github.com/meshery/meshery/mesheryctl/internal/cli/root/components/view.go:42.47,46.57 3 0
github.com/meshery/meshery/mesheryctl/internal/cli/root/components/view.go:46.57,49.3 2 0
github.com/meshery/meshery/mesheryctl/internal/cli/root/components/view.go:51.2,51.12 1 0
github.com/meshery/meshery/mesheryctl/internal/cli/root/components/view.go:54.86,58.16 4 0
github.com/meshery/meshery/mesheryctl/internal/cli/root/components/view.go:58.16,60.3 1 0
github.com/meshery/meshery/mesheryctl/internal/cli/root/components/view.go:61.2,62.12 2 0
github.com/meshery/meshery/mesheryctl/internal/cli/root/components/view.go:83.57,85.3 1 0
github.com/meshery/meshery/mesheryctl/internal/cli/root/components/view.go:86.52,88.21 2 0
github.com/meshery/meshery/mesheryctl/internal/cli/root/components/view.go:88.21,90.4 1 0
github.com/meshery/meshery/mesheryctl/internal/cli/root/components/view.go:90.9,90.27 1 0
github.com/meshery/meshery/mesheryctl/internal/cli/root/components/view.go:90.27,92.4 1 0
github.com/meshery/meshery/mesheryctl/internal/cli/root/components/view.go:93.3,93.13 1 0
github.com/meshery/meshery/mesheryctl/internal/cli/root/components/view.go:95.54,105.17 7 0
github.com/meshery/meshery/mesheryctl/internal/cli/root/components/view.go:105.17,107.4 1 0
github.com/meshery/meshery/mesheryctl/internal/cli/root/components/view.go:109.3,109.35 1 0
github.com/meshery/meshery/mesheryctl/internal/cli/root/components/view.go:109.35,112.4 2 0
github.com/meshery/meshery/mesheryctl/internal/cli/root/components/view.go:114.3,116.35 2 0
github.com/meshery/meshery/mesheryctl/internal/cli/root/components/view.go:116.35,118.4 1 0
github.com/meshery/meshery/mesheryctl/internal/cli/root/components/view.go:118.9,120.4 1 0
github.com/meshery/meshery/mesheryctl/internal/cli/root/components/view.go:122.3,128.51 4 0
github.com/meshery/meshery/mesheryctl/internal/cli/root/components/view.go:128.51,129.65 1 0
github.com/meshery/meshery/mesheryctl/internal/cli/root/components/view.go:129.65,131.5 1 0
github.com/meshery/meshery/mesheryctl/internal/cli/root/components/view.go:132.4,132.34 1 0
github.com/meshery/meshery/mesheryctl/internal/cli/root/components/view.go:132.34,134.5 1 0
github.com/meshery/meshery/mesheryctl/internal/cli/root/components/view.go:135.4,135.47 1 0
github.com/meshery/meshery/mesheryctl/internal/cli/root/components/view.go:138.3,138.51 1 0
github.com/meshery/meshery/mesheryctl/internal/cli/root/components/view.go:138.51,139.34 1 0
github.com/meshery/meshery/mesheryctl/internal/cli/root/components/view.go:139.34,141.19 2 0
github.com/meshery/meshery/mesheryctl/internal/cli/root/components/view.go:141.19,143.6 1 0
github.com/meshery/meshery/mesheryctl/internal/cli/root/components/view.go:144.5,144.101 1 0
github.com/meshery/meshery/mesheryctl/internal/cli/root/components/view.go:146.4,146.47 1 0
github.com/meshery/meshery/mesheryctl/internal/cli/root/components/view.go:149.3,149.13 1 0
github.com/meshery/meshery/mesheryctl/internal/cli/root/components/view.go:153.13,157.2 2 1
github.com/meshery/meshery/mesheryctl/internal/cli/root/components/view.go:160.102,163.39 2 0
github.com/meshery/meshery/mesheryctl/internal/cli/root/components/view.go:163.39,165.3 1 0
github.com/meshery/meshery/mesheryctl/internal/cli/root/components/view.go:167.2,172.6 2 0
github.com/meshery/meshery/mesheryctl/internal/cli/root/components/view.go:172.6,174.17 2 0
github.com/meshery/meshery/mesheryctl/internal/cli/root/components/view.go:174.17,175.12 1 0
github.com/meshery/meshery/mesheryctl/internal/cli/root/components/view.go:178.3,178.23 1 0
github.com/meshery/meshery/mesheryctl/internal/cli/root/adapter/adapter.go:51.68,54.28 1 7
github.com/meshery/meshery/mesheryctl/internal/cli/root/adapter/adapter.go:54.28,56.5 1 0
github.com/meshery/meshery/mesheryctl/internal/cli/root/adapter/adapter.go:59.4,60.18 2 7
github.com/meshery/meshery/mesheryctl/internal/cli/root/adapter/adapter.go:60.18,63.5 2 0
github.com/meshery/meshery/mesheryctl/internal/cli/root/adapter/adapter.go:65.4,65.21 1 7
github.com/meshery/meshery/mesheryctl/internal/cli/root/adapter/adapter.go:65.21,74.23 2 7
github.com/meshery/meshery/mesheryctl/internal/cli/root/adapter/adapter.go:74.23,76.6 1 5
github.com/meshery/meshery/mesheryctl/internal/cli/root/adapter/adapter.go:77.5,77.81 1 7
github.com/meshery/meshery/mesheryctl/internal/cli/root/adapter/adapter.go:82.4,83.18 2 7
github.com/meshery/meshery/mesheryctl/internal/cli/root/adapter/adapter.go:83.18,85.5 1 4
github.com/meshery/meshery/mesheryctl/internal/cli/root/adapter/adapter.go:88.4,88.60 1 7
github.com/meshery/meshery/mesheryctl/internal/cli/root/adapter/adapter.go:88.60,90.5 1 7
github.com/meshery/meshery/mesheryctl/internal/cli/root/adapter/adapter.go:91.4,91.14 1 7
github.com/meshery/meshery/mesheryctl/internal/cli/root/adapter/adapter.go:96.13,103.2 3 1
github.com/meshery/meshery/mesheryctl/internal/cli/root/adapter/adapter.go:105.79,108.16 2 14
github.com/meshery/meshery/mesheryctl/internal/cli/root/adapter/adapter.go:108.16,110.3 1 14
github.com/meshery/meshery/mesheryctl/internal/cli/root/adapter/adapter.go:113.2,113.45 1 0
github.com/meshery/meshery/mesheryctl/internal/cli/root/adapter/adapter.go:113.45,114.31 1 0
github.com/meshery/meshery/mesheryctl/internal/cli/root/adapter/adapter.go:114.31,117.4 2 0
github.com/meshery/meshery/mesheryctl/internal/cli/root/adapter/adapter.go:121.2,121.22 1 0
github.com/meshery/meshery/mesheryctl/internal/cli/root/adapter/adapter.go:124.86,126.20 1 7
github.com/meshery/meshery/mesheryctl/internal/cli/root/adapter/adapter.go:126.20,127.56 1 7
github.com/meshery/meshery/mesheryctl/internal/cli/root/adapter/adapter.go:127.56,129.4 1 3
github.com/meshery/meshery/mesheryctl/internal/cli/root/adapter/adapter.go:133.3,133.40 1 4
github.com/meshery/meshery/mesheryctl/internal/cli/root/adapter/adapter.go:137.2,138.16 2 0
github.com/meshery/meshery/mesheryctl/internal/cli/root/adapter/adapter.go:138.16,140.3 1 0
github.com/meshery/meshery/mesheryctl/internal/cli/root/adapter/adapter.go:143.2,144.45 2 0
github.com/meshery/meshery/mesheryctl/internal/cli/root/adapter/adapter.go:144.45,146.3 1 0
github.com/meshery/meshery/mesheryctl/internal/cli/root/adapter/adapter.go:149.2,149.25 1 0
github.com/meshery/meshery/mesheryctl/internal/cli/root/adapter/adapter.go:149.25,151.3 1 0
github.com/meshery/meshery/mesheryctl/internal/cli/root/adapter/adapter.go:154.2,159.16 3 0
github.com/meshery/meshery/mesheryctl/internal/cli/root/adapter/adapter.go:159.16,161.3 1 0
github.com/meshery/meshery/mesheryctl/internal/cli/root/adapter/adapter.go:164.2,164.26 1 0
github.com/meshery/meshery/mesheryctl/internal/cli/root/adapter/adapter.go:167.117,175.12 8 7
github.com/meshery/meshery/mesheryctl/internal/cli/root/adapter/adapter.go:175.12,177.3 1 3
github.com/meshery/meshery/mesheryctl/internal/cli/root/adapter/adapter.go:177.8,179.3 1 4
github.com/meshery/meshery/mesheryctl/internal/cli/root/adapter/adapter.go:183.2,183.14 1 7
github.com/meshery/meshery/mesheryctl/internal/cli/root/adapter/adapter.go:184.13,185.3 1 0
github.com/meshery/meshery/mesheryctl/internal/cli/root/adapter/adapter.go:185.3,187.9 2 0
github.com/meshery/meshery/mesheryctl/internal/cli/root/adapter/adapter.go:189.19,190.3 1 0
github.com/meshery/meshery/mesheryctl/internal/cli/root/adapter/adapter.go:190.3,191.43 1 0
github.com/meshery/meshery/mesheryctl/internal/cli/root/adapter/adapter.go:191.43,193.10 2 0
github.com/meshery/meshery/mesheryctl/internal/cli/root/adapter/adapter.go:195.4,195.68 1 0
github.com/meshery/meshery/mesheryctl/internal/cli/root/adapter/adapter.go:197.14,198.3 1 7
github.com/meshery/meshery/mesheryctl/internal/cli/root/adapter/adapter.go:198.3,201.9 1 7
github.com/meshery/meshery/mesheryctl/internal/cli/root/adapter/adapter.go:203.10,204.3 1 0
github.com/meshery/meshery/mesheryctl/internal/cli/root/adapter/adapter.go:204.3,206.4 1 0
github.com/meshery/meshery/mesheryctl/internal/cli/root/adapter/adapter.go:209.2,213.16 4 7
github.com/meshery/meshery/mesheryctl/internal/cli/root/adapter/adapter.go:213.16,215.3 1 0
github.com/meshery/meshery/mesheryctl/internal/cli/root/adapter/adapter.go:216.2,219.16 3 7
github.com/meshery/meshery/mesheryctl/internal/cli/root/adapter/adapter.go:219.16,221.3 1 0
github.com/meshery/meshery/mesheryctl/internal/cli/root/adapter/adapter.go:222.2,225.16 3 7
github.com/meshery/meshery/mesheryctl/internal/cli/root/adapter/adapter.go:225.16,227.3 1 0
github.com/meshery/meshery/mesheryctl/internal/cli/root/adapter/adapter.go:228.2,228.26 1 7
github.com/meshery/meshery/mesheryctl/internal/cli/root/adapter/adapter.go:231.92,236.16 5 0
github.com/meshery/meshery/mesheryctl/internal/cli/root/adapter/adapter.go:236.16,238.3 1 0
github.com/meshery/meshery/mesheryctl/internal/cli/root/adapter/adapter.go:240.2,241.16 2 0
github.com/meshery/meshery/mesheryctl/internal/cli/root/adapter/adapter.go:241.16,243.3 1 0
github.com/meshery/meshery/mesheryctl/internal/cli/root/adapter/adapter.go:244.2,247.16 3 0
github.com/meshery/meshery/mesheryctl/internal/cli/root/adapter/adapter.go:247.16,249.3 1 0
github.com/meshery/meshery/mesheryctl/internal/cli/root/adapter/adapter.go:251.2,255.12 3 0
github.com/meshery/meshery/mesheryctl/internal/cli/root/adapter/adapter.go:255.12,256.24 1 0
github.com/meshery/meshery/mesheryctl/internal/cli/root/adapter/adapter.go:256.24,257.47 1 0
github.com/meshery/meshery/mesheryctl/internal/cli/root/adapter/adapter.go:257.47,260.5 2 0
github.com/meshery/meshery/mesheryctl/internal/cli/root/adapter/adapter.go:260.10,260.56 1 0
github.com/meshery/meshery/mesheryctl/internal/cli/root/adapter/adapter.go:260.56,263.5 2 0
github.com/meshery/meshery/mesheryctl/internal/cli/root/adapter/adapter.go:267.2,267.9 1 0
github.com/meshery/meshery/mesheryctl/internal/cli/root/adapter/adapter.go:268.17,269.48 1 0
github.com/meshery/meshery/mesheryctl/internal/cli/root/adapter/adapter.go:270.28,271.28 1 0
github.com/meshery/meshery/mesheryctl/internal/cli/root/adapter/adapter.go:271.28,273.4 1 0
github.com/meshery/meshery/mesheryctl/internal/cli/root/adapter/adapter.go:276.2,276.16 1 0
github.com/meshery/meshery/mesheryctl/internal/cli/root/adapter/adapter.go:279.94,285.16 6 0
github.com/meshery/meshery/mesheryctl/internal/cli/root/adapter/adapter.go:285.16,287.3 1 0
github.com/meshery/meshery/mesheryctl/internal/cli/root/adapter/adapter.go:289.2,290.16 2 0
github.com/meshery/meshery/mesheryctl/internal/cli/root/adapter/adapter.go:290.16,292.3 1 0
github.com/meshery/meshery/mesheryctl/internal/cli/root/adapter/adapter.go:294.2,295.16 2 0
github.com/meshery/meshery/mesheryctl/internal/cli/root/adapter/adapter.go:295.16,297.3 1 0
github.com/meshery/meshery/mesheryctl/internal/cli/root/adapter/adapter.go:299.2,303.12 3 0
github.com/meshery/meshery/mesheryctl/internal/cli/root/adapter/adapter.go:303.12,304.24 1 0
github.com/meshery/meshery/mesheryctl/internal/cli/root/adapter/adapter.go:304.24,305.47 1 0
github.com/meshery/meshery/mesheryctl/internal/cli/root/adapter/adapter.go:305.47,308.5 2 0
github.com/meshery/meshery/mesheryctl/internal/cli/root/adapter/adapter.go:308.10,308.56 1 0
github.com/meshery/meshery/mesheryctl/internal/cli/root/adapter/adapter.go:308.56,311.5 2 0
github.com/meshery/meshery/mesheryctl/internal/cli/root/adapter/adapter.go:315.2,315.9 1 0
github.com/meshery/meshery/mesheryctl/internal/cli/root/adapter/adapter.go:316.17,317.50 1 0
github.com/meshery/meshery/mesheryctl/internal/cli/root/adapter/adapter.go:318.28,319.28 1 0
github.com/meshery/meshery/mesheryctl/internal/cli/root/adapter/adapter.go:319.28,321.4 1 0
github.com/meshery/meshery/mesheryctl/internal/cli/root/adapter/adapter.go:324.2,324.16 1 0
github.com/meshery/meshery/mesheryctl/internal/cli/root/adapter/deploy.go:53.58,56.18 3 4
github.com/meshery/meshery/mesheryctl/internal/cli/root/adapter/deploy.go:56.18,59.5 2 0
github.com/meshery/meshery/mesheryctl/internal/cli/root/adapter/deploy.go:61.4,61.60 1 4
github.com/meshery/meshery/mesheryctl/internal/cli/root/adapter/deploy.go:61.60,65.5 2 4
github.com/meshery/meshery/mesheryctl/internal/cli/root/adapter/deploy.go:66.4,66.14 1 0
github.com/meshery/meshery/mesheryctl/internal/cli/root/adapter/deploy.go:68.55,70.18 2 4
github.com/meshery/meshery/mesheryctl/internal/cli/root/adapter/deploy.go:70.18,73.5 2 0
github.com/meshery/meshery/mesheryctl/internal/cli/root/adapter/deploy.go:74.4,77.18 4 4
github.com/meshery/meshery/mesheryctl/internal/cli/root/adapter/deploy.go:77.18,80.5 2 0
github.com/meshery/meshery/mesheryctl/internal/cli/root/adapter/deploy.go:81.4,83.13 2 4
github.com/meshery/meshery/mesheryctl/internal/cli/root/adapter/deploy.go:83.13,86.19 3 0
github.com/meshery/meshery/mesheryctl/internal/cli/root/adapter/deploy.go:86.19,89.6 2 0
github.com/meshery/meshery/mesheryctl/internal/cli/root/adapter/deploy.go:92.4,92.14 1 4
github.com/meshery/meshery/mesheryctl/internal/cli/root/adapter/deploy.go:97.13,101.2 3 1
github.com/meshery/meshery/mesheryctl/internal/cli/root/adapter/error.go:72.45,78.2 1 14
github.com/meshery/meshery/mesheryctl/internal/cli/root/adapter/error.go:80.33,86.2 1 0
github.com/meshery/meshery/mesheryctl/internal/cli/root/adapter/error.go:88.48,94.2 1 0
github.com/meshery/meshery/mesheryctl/internal/cli/root/adapter/error.go:96.56,103.2 1 0
github.com/meshery/meshery/mesheryctl/internal/cli/root/adapter/error.go:105.55,112.2 1 0
github.com/meshery/meshery/mesheryctl/internal/cli/root/adapter/error.go:114.50,120.2 1 0
github.com/meshery/meshery/mesheryctl/internal/cli/root/adapter/error.go:122.58,128.2 1 0
github.com/meshery/meshery/mesheryctl/internal/cli/root/adapter/error.go:130.57,136.2 1 0
github.com/meshery/meshery/mesheryctl/internal/cli/root/adapter/error.go:138.45,144.2 1 0
github.com/meshery/meshery/mesheryctl/internal/cli/root/adapter/error.go:146.40,152.2 1 0
github.com/meshery/meshery/mesheryctl/internal/cli/root/adapter/error.go:154.46,160.2 1 4
github.com/meshery/meshery/mesheryctl/internal/cli/root/adapter/error.go:162.47,168.2 1 0
github.com/meshery/meshery/mesheryctl/internal/cli/root/adapter/remove.go:40.58,43.18 3 3
github.com/meshery/meshery/mesheryctl/internal/cli/root/adapter/remove.go:43.18,46.5 2 0
github.com/meshery/meshery/mesheryctl/internal/cli/root/adapter/remove.go:48.4,48.60 1 3
github.com/meshery/meshery/mesheryctl/internal/cli/root/adapter/remove.go:48.60,51.5 2 3
github.com/meshery/meshery/mesheryctl/internal/cli/root/adapter/remove.go:52.4,52.14 1 0
github.com/meshery/meshery/mesheryctl/internal/cli/root/adapter/remove.go:54.55,57.18 3 3
github.com/meshery/meshery/mesheryctl/internal/cli/root/adapter/remove.go:57.18,60.5 2 0
github.com/meshery/meshery/mesheryctl/internal/cli/root/adapter/remove.go:62.4,64.18 3 3
github.com/meshery/meshery/mesheryctl/internal/cli/root/adapter/remove.go:64.18,67.5 2 0
github.com/meshery/meshery/mesheryctl/internal/cli/root/adapter/remove.go:68.4,70.14 2 3
github.com/meshery/meshery/mesheryctl/internal/cli/root/adapter/remove.go:75.13,80.2 1 1
github.com/meshery/meshery/mesheryctl/internal/cli/root/adapter/validate.go:58.57,62.17 3 0
github.com/meshery/meshery/mesheryctl/internal/cli/root/adapter/validate.go:62.17,65.4 2 0
github.com/meshery/meshery/mesheryctl/internal/cli/root/adapter/validate.go:67.3,68.17 2 0
github.com/meshery/meshery/mesheryctl/internal/cli/root/adapter/validate.go:68.17,70.4 1 0
github.com/meshery/meshery/mesheryctl/internal/cli/root/adapter/validate.go:72.3,72.46 1 0
github.com/meshery/meshery/mesheryctl/internal/cli/root/adapter/validate.go:72.46,74.36 2 0
github.com/meshery/meshery/mesheryctl/internal/cli/root/adapter/validate.go:74.36,77.5 2 0
github.com/meshery/meshery/mesheryctl/internal/cli/root/adapter/validate.go:80.3,80.59 1 0
github.com/meshery/meshery/mesheryctl/internal/cli/root/adapter/validate.go:80.59,82.4 1 0
github.com/meshery/meshery/mesheryctl/internal/cli/root/adapter/validate.go:83.3,84.13 2 0
github.com/meshery/meshery/mesheryctl/internal/cli/root/adapter/validate.go:86.54,90.17 3 0
github.com/meshery/meshery/mesheryctl/internal/cli/root/adapter/validate.go:90.17,93.4 2 0
github.com/meshery/meshery/mesheryctl/internal/cli/root/adapter/validate.go:94.3,97.17 4 0
github.com/meshery/meshery/mesheryctl/internal/cli/root/adapter/validate.go:97.17,100.4 2 0
github.com/meshery/meshery/mesheryctl/internal/cli/root/adapter/validate.go:101.3,103.12 2 0
github.com/meshery/meshery/mesheryctl/internal/cli/root/adapter/validate.go:103.12,106.18 3 0
github.com/meshery/meshery/mesheryctl/internal/cli/root/adapter/validate.go:106.18,109.5 2 0
github.com/meshery/meshery/mesheryctl/internal/cli/root/adapter/validate.go:112.3,112.13 1 0
github.com/meshery/meshery/mesheryctl/internal/cli/root/adapter/validate.go:116.13,123.2 6 1
github.com/meshery/meshery/mesheryctl/internal/cli/root/environments/create.go:41.54,49.65 5 2
github.com/meshery/meshery/mesheryctl/internal/cli/root/environments/create.go:49.65,51.4 1 1
github.com/meshery/meshery/mesheryctl/internal/cli/root/environments/create.go:52.3,52.13 1 1
github.com/meshery/meshery/mesheryctl/internal/cli/root/environments/create.go:55.54,58.17 2 1
github.com/meshery/meshery/mesheryctl/internal/cli/root/environments/create.go:58.17,60.4 1 0
github.com/meshery/meshery/mesheryctl/internal/cli/root/environments/create.go:62.3,69.38 6 1
github.com/meshery/meshery/mesheryctl/internal/cli/root/environments/create.go:69.38,71.4 1 0
github.com/meshery/meshery/mesheryctl/internal/cli/root/environments/create.go:73.3,80.17 3 1
github.com/meshery/meshery/mesheryctl/internal/cli/root/environments/create.go:80.17,82.4 1 0
github.com/meshery/meshery/mesheryctl/internal/cli/root/environments/create.go:84.3,85.17 2 1
github.com/meshery/meshery/mesheryctl/internal/cli/root/environments/create.go:85.17,87.4 1 0
github.com/meshery/meshery/mesheryctl/internal/cli/root/environments/create.go:89.3,90.17 2 1
github.com/meshery/meshery/mesheryctl/internal/cli/root/environments/create.go:90.17,92.4 1 0
github.com/meshery/meshery/mesheryctl/internal/cli/root/environments/create.go:94.3,94.39 1 1
github.com/meshery/meshery/mesheryctl/internal/cli/root/environments/create.go:94.39,98.4 2 1
github.com/meshery/meshery/mesheryctl/internal/cli/root/environments/create.go:99.3,100.13 2 0
github.com/meshery/meshery/mesheryctl/internal/cli/root/environments/create.go:104.13,108.2 3 1
github.com/meshery/meshery/mesheryctl/internal/cli/root/environments/delete.go:39.54,40.21 1 2
github.com/meshery/meshery/mesheryctl/internal/cli/root/environments/delete.go:40.21,43.4 2 1
github.com/meshery/meshery/mesheryctl/internal/cli/root/environments/delete.go:44.3,44.13 1 1
github.com/meshery/meshery/mesheryctl/internal/cli/root/environments/delete.go:47.54,49.17 2 1
github.com/meshery/meshery/mesheryctl/internal/cli/root/environments/delete.go:49.17,51.4 1 0
github.com/meshery/meshery/mesheryctl/internal/cli/root/environments/delete.go:53.3,56.17 4 1
github.com/meshery/meshery/mesheryctl/internal/cli/root/environments/delete.go:56.17,58.4 1 0
github.com/meshery/meshery/mesheryctl/internal/cli/root/environments/delete.go:60.3,61.17 2 1
github.com/meshery/meshery/mesheryctl/internal/cli/root/environments/delete.go:61.17,63.4 1 0
github.com/meshery/meshery/mesheryctl/internal/cli/root/environments/delete.go:66.3,69.39 2 1
github.com/meshery/meshery/mesheryctl/internal/cli/root/environments/delete.go:69.39,72.4 2 1
github.com/meshery/meshery/mesheryctl/internal/cli/root/environments/delete.go:74.3,74.106 1 0
github.com/meshery/meshery/mesheryctl/internal/cli/root/environments/environment.go:50.54,51.21 1 0
github.com/meshery/meshery/mesheryctl/internal/cli/root/environments/environment.go:51.21,52.38 1 0
github.com/meshery/meshery/mesheryctl/internal/cli/root/environments/environment.go:52.38,54.5 1 0
github.com/meshery/meshery/mesheryctl/internal/cli/root/environments/environment.go:55.4,55.95 1 0
github.com/meshery/meshery/mesheryctl/internal/cli/root/environments/environment.go:57.3,57.13 1 0
github.com/meshery/meshery/mesheryctl/internal/cli/root/environments/environment.go:59.54,60.72 1 0
github.com/meshery/meshery/mesheryctl/internal/cli/root/environments/environment.go:60.72,62.4 1 0
github.com/meshery/meshery/mesheryctl/internal/cli/root/environments/environment.go:63.3,64.17 2 0
github.com/meshery/meshery/mesheryctl/internal/cli/root/environments/environment.go:64.17,66.4 1 0
github.com/meshery/meshery/mesheryctl/internal/cli/root/environments/environment.go:67.3,68.17 2 0
github.com/meshery/meshery/mesheryctl/internal/cli/root/environments/environment.go:68.17,70.4 1 0
github.com/meshery/meshery/mesheryctl/internal/cli/root/environments/environment.go:71.3,71.13 1 0
github.com/meshery/meshery/mesheryctl/internal/cli/root/environments/environment.go:75.13,77.2 1 1
github.com/meshery/meshery/mesheryctl/internal/cli/root/environments/environment.go:80.103,86.47 4 0
github.com/meshery/meshery/mesheryctl/internal/cli/root/environments/environment.go:86.47,89.3 2 0
github.com/meshery/meshery/mesheryctl/internal/cli/root/environments/environment.go:91.2,96.6 2 0
github.com/meshery/meshery/mesheryctl/internal/cli/root/environments/environment.go:96.6,98.17 2 0
github.com/meshery/meshery/mesheryctl/internal/cli/root/environments/environment.go:98.17,99.12 1 0
github.com/meshery/meshery/mesheryctl/internal/cli/root/environments/environment.go:102.3,102.29 1 0
github.com/meshery/meshery/mesheryctl/internal/cli/root/environments/list.go:40.54,44.22 2 3
github.com/meshery/meshery/mesheryctl/internal/cli/root/environments/list.go:44.22,47.4 2 1
github.com/meshery/meshery/mesheryctl/internal/cli/root/environments/list.go:48.3,48.13 1 2
github.com/meshery/meshery/mesheryctl/internal/cli/root/environments/list.go:50.54,54.46 2 2
github.com/meshery/meshery/mesheryctl/internal/cli/root/environments/list.go:54.46,56.4 1 0
github.com/meshery/meshery/mesheryctl/internal/cli/root/environments/list.go:58.3,60.17 2 2
github.com/meshery/meshery/mesheryctl/internal/cli/root/environments/list.go:60.17,62.4 1 0
github.com/meshery/meshery/mesheryctl/internal/cli/root/environments/list.go:64.3,66.64 3 2
github.com/meshery/meshery/mesheryctl/internal/cli/root/environments/list.go:66.64,68.4 1 1
github.com/meshery/meshery/mesheryctl/internal/cli/root/environments/list.go:70.3,79.17 3 2
github.com/meshery/meshery/mesheryctl/internal/cli/root/environments/list.go:79.17,81.4 1 0
github.com/meshery/meshery/mesheryctl/internal/cli/root/environments/list.go:83.3,83.13 1 2
github.com/meshery/meshery/mesheryctl/internal/cli/root/environments/list.go:87.13,89.2 1 1
github.com/meshery/meshery/mesheryctl/internal/cli/root/environments/view.go:42.54,45.22 2 0
github.com/meshery/meshery/mesheryctl/internal/cli/root/environments/view.go:45.22,48.4 2 0
github.com/meshery/meshery/mesheryctl/internal/cli/root/environments/view.go:49.3,49.13 1 0
github.com/meshery/meshery/mesheryctl/internal/cli/root/environments/view.go:51.54,58.17 5 0
github.com/meshery/meshery/mesheryctl/internal/cli/root/environments/view.go:58.17,60.4 1 0
github.com/meshery/meshery/mesheryctl/internal/cli/root/environments/view.go:62.3,64.42 2 0
github.com/meshery/meshery/mesheryctl/internal/cli/root/environments/view.go:64.42,67.4 2 0
github.com/meshery/meshery/mesheryctl/internal/cli/root/environments/view.go:67.9,67.49 1 0
github.com/meshery/meshery/mesheryctl/internal/cli/root/environments/view.go:67.49,69.4 1 0
github.com/meshery/meshery/mesheryctl/internal/cli/root/environments/view.go:69.9,71.4 1 0
github.com/meshery/meshery/mesheryctl/internal/cli/root/environments/view.go:73.3,79.49 3 0
github.com/meshery/meshery/mesheryctl/internal/cli/root/environments/view.go:79.49,81.4 1 0
github.com/meshery/meshery/mesheryctl/internal/cli/root/environments/view.go:83.3,86.48 3 0
github.com/meshery/meshery/mesheryctl/internal/cli/root/environments/view.go:86.48,87.67 1 0
github.com/meshery/meshery/mesheryctl/internal/cli/root/environments/view.go:87.67,89.5 1 0
github.com/meshery/meshery/mesheryctl/internal/cli/root/environments/view.go:90.4,90.12 1 0
github.com/meshery/meshery/mesheryctl/internal/cli/root/environments/view.go:90.12,93.19 3 0
github.com/meshery/meshery/mesheryctl/internal/cli/root/environments/view.go:93.19,95.6 1 0
github.com/meshery/meshery/mesheryctl/internal/cli/root/environments/view.go:96.5,96.101 1 0
github.com/meshery/meshery/mesheryctl/internal/cli/root/environments/view.go:97.10,99.5 1 0
github.com/meshery/meshery/mesheryctl/internal/cli/root/environments/view.go:100.9,100.33 1 0
github.com/meshery/meshery/mesheryctl/internal/cli/root/environments/view.go:100.33,101.12 1 0
github.com/meshery/meshery/mesheryctl/internal/cli/root/environments/view.go:101.12,104.19 3 0
github.com/meshery/meshery/mesheryctl/internal/cli/root/environments/view.go:104.19,106.6 1 0
github.com/meshery/meshery/mesheryctl/internal/cli/root/environments/view.go:107.5,108.19 2 0
github.com/meshery/meshery/mesheryctl/internal/cli/root/environments/view.go:108.19,110.6 1 0
github.com/meshery/meshery/mesheryctl/internal/cli/root/environments/view.go:111.5,112.15 2 0
github.com/meshery/meshery/mesheryctl/internal/cli/root/environments/view.go:114.4,114.49 1 0
github.com/meshery/meshery/mesheryctl/internal/cli/root/environments/view.go:115.9,117.4 1 0
github.com/meshery/meshery/mesheryctl/internal/cli/root/environments/view.go:119.3,119.13 1 0
github.com/meshery/meshery/mesheryctl/internal/cli/root/environments/view.go:123.13,127.2 3 1
github.com/meshery/meshery/mesheryctl/internal/cli/root/design/apply.go:61.54,64.17 3 3
github.com/meshery/meshery/mesheryctl/internal/cli/root/design/apply.go:64.17,67.4 2 0
github.com/meshery/meshery/mesheryctl/internal/cli/root/design/apply.go:69.3,73.20 3 3
github.com/meshery/meshery/mesheryctl/internal/cli/root/design/apply.go:73.20,81.18 4 0
github.com/meshery/meshery/mesheryctl/internal/cli/root/design/apply.go:81.18,84.5 2 0
github.com/meshery/meshery/mesheryctl/internal/cli/root/design/apply.go:86.4,87.18 2 0
github.com/meshery/meshery/mesheryctl/internal/cli/root/design/apply.go:87.18,90.5 2 0
[...]
github.com/meshery/meshery/mesheryctl/pkg/utils/portforward.go:124.17,127.3 2 0
github.com/meshery/meshery/mesheryctl/pkg/utils/portforward.go:129.2,133.16 4 0
github.com/meshery/meshery/mesheryctl/pkg/utils/portforward.go:133.16,135.3 1 0
github.com/meshery/meshery/mesheryctl/pkg/utils/portforward.go:137.2,138.16 2 0
github.com/meshery/meshery/mesheryctl/pkg/utils/portforward.go:138.16,141.3 2 0
github.com/meshery/meshery/mesheryctl/pkg/utils/portforward.go:142.2,142.12 1 0
github.com/meshery/meshery/mesheryctl/pkg/utils/portforward.go:148.37,153.12 3 0
github.com/meshery/meshery/mesheryctl/pkg/utils/portforward.go:153.12,154.34 1 0
github.com/meshery/meshery/mesheryctl/pkg/utils/portforward.go:154.34,156.4 1 0
github.com/meshery/meshery/mesheryctl/pkg/utils/portforward.go:162.2,162.9 1 0
github.com/meshery/meshery/mesheryctl/pkg/utils/portforward.go:163.20,164.40 1 0
github.com/meshery/meshery/mesheryctl/pkg/utils/portforward.go:165.24,167.13 2 0
github.com/meshery/meshery/mesheryctl/pkg/utils/portforward.go:170.2,170.12 1 0
github.com/meshery/meshery/mesheryctl/pkg/utils/portforward.go:175.31,177.2 1 0
github.com/meshery/meshery/mesheryctl/pkg/utils/portforward.go:181.50,183.2 1 0
github.com/meshery/meshery/mesheryctl/pkg/utils/portforward.go:186.51,188.2 1 0
github.com/meshery/meshery/mesheryctl/pkg/utils/portforward.go:191.48,193.2 1 0
github.com/meshery/meshery/mesheryctl/pkg/utils/portforward.go:197.38,199.16 2 0
github.com/meshery/meshery/mesheryctl/pkg/utils/portforward.go:199.16,201.3 1 0
github.com/meshery/meshery/mesheryctl/pkg/utils/portforward.go:203.2,207.9 3 0
github.com/meshery/meshery/mesheryctl/pkg/utils/portforward.go:207.9,209.3 1 0
github.com/meshery/meshery/mesheryctl/pkg/utils/portforward.go:211.2,211.26 1 0
github.com/meshery/meshery/mesheryctl/pkg/utils/registry.go:23.38,24.12 1 0
github.com/meshery/meshery/mesheryctl/pkg/utils/registry.go:25.15,26.19 1 0
github.com/meshery/meshery/mesheryctl/pkg/utils/registry.go:28.12,29.16 1 0
github.com/meshery/meshery/mesheryctl/pkg/utils/registry.go:31.22,32.27 1 0
github.com/meshery/meshery/mesheryctl/pkg/utils/registry.go:34.2,34.11 1 0
github.com/meshery/meshery/mesheryctl/pkg/utils/registry.go:37.71,38.34 1 0
github.com/meshery/meshery/mesheryctl/pkg/utils/registry.go:38.34,40.3 1 0
github.com/meshery/meshery/mesheryctl/pkg/utils/registry.go:42.2,42.31 1 0
github.com/meshery/meshery/mesheryctl/pkg/utils/registry.go:42.31,43.28 1 0
github.com/meshery/meshery/mesheryctl/pkg/utils/registry.go:43.28,45.4 1 0
github.com/meshery/meshery/mesheryctl/pkg/utils/registry.go:47.2,47.31 1 0
github.com/meshery/meshery/mesheryctl/pkg/utils/registry.go:50.145,56.16 4 0
github.com/meshery/meshery/mesheryctl/pkg/utils/registry.go:56.16,58.3 1 0
github.com/meshery/meshery/mesheryctl/pkg/utils/registry.go:61.2,64.16 4 0
github.com/meshery/meshery/mesheryctl/pkg/utils/registry.go:64.16,66.3 1 0
github.com/meshery/meshery/mesheryctl/pkg/utils/registry.go:69.2,71.16 3 0
github.com/meshery/meshery/mesheryctl/pkg/utils/registry.go:71.16,73.3 1 0
github.com/meshery/meshery/mesheryctl/pkg/utils/registry.go:75.2,76.16 2 0
github.com/meshery/meshery/mesheryctl/pkg/utils/registry.go:76.16,78.3 1 0
github.com/meshery/meshery/mesheryctl/pkg/utils/registry.go:81.2,83.16 3 0
github.com/meshery/meshery/mesheryctl/pkg/utils/registry.go:83.16,85.3 1 0
github.com/meshery/meshery/mesheryctl/pkg/utils/registry.go:87.2,88.16 2 0
github.com/meshery/meshery/mesheryctl/pkg/utils/registry.go:88.16,90.3 1 0
github.com/meshery/meshery/mesheryctl/pkg/utils/registry.go:93.2,95.16 3 0
github.com/meshery/meshery/mesheryctl/pkg/utils/registry.go:95.16,97.3 1 0
github.com/meshery/meshery/mesheryctl/pkg/utils/registry.go:100.2,102.16 3 0
github.com/meshery/meshery/mesheryctl/pkg/utils/registry.go:102.16,104.3 1 0
github.com/meshery/meshery/mesheryctl/pkg/utils/registry.go:106.2,106.12 1 0
github.com/meshery/meshery/mesheryctl/pkg/utils/registry.go:109.225,126.16 10 0
github.com/meshery/meshery/mesheryctl/pkg/utils/registry.go:126.16,128.3 1 0
github.com/meshery/meshery/mesheryctl/pkg/utils/registry.go:131.2,132.16 2 0
github.com/meshery/meshery/mesheryctl/pkg/utils/registry.go:132.16,134.3 1 0
github.com/meshery/meshery/mesheryctl/pkg/utils/registry.go:137.2,140.16 3 0
github.com/meshery/meshery/mesheryctl/pkg/utils/registry.go:140.16,142.3 1 0
github.com/meshery/meshery/mesheryctl/pkg/utils/registry.go:145.2,146.16 2 0
github.com/meshery/meshery/mesheryctl/pkg/utils/registry.go:146.16,148.3 1 0
github.com/meshery/meshery/mesheryctl/pkg/utils/registry.go:150.2,154.16 4 0
github.com/meshery/meshery/mesheryctl/pkg/utils/registry.go:154.16,156.3 1 0
github.com/meshery/meshery/mesheryctl/pkg/utils/registry.go:157.2,162.16 5 0
github.com/meshery/meshery/mesheryctl/pkg/utils/registry.go:162.16,164.3 1 0
github.com/meshery/meshery/mesheryctl/pkg/utils/registry.go:165.2,166.16 2 0
github.com/meshery/meshery/mesheryctl/pkg/utils/registry.go:166.16,168.3 1 0
github.com/meshery/meshery/mesheryctl/pkg/utils/registry.go:171.2,173.16 3 0
github.com/meshery/meshery/mesheryctl/pkg/utils/registry.go:173.16,175.3 1 0
github.com/meshery/meshery/mesheryctl/pkg/utils/registry.go:176.2,179.16 3 0
github.com/meshery/meshery/mesheryctl/pkg/utils/registry.go:179.16,181.3 1 0
github.com/meshery/meshery/mesheryctl/pkg/utils/registry.go:183.2,183.22 1 0
github.com/meshery/meshery/mesheryctl/pkg/utils/registry.go:186.198,195.16 7 0
github.com/meshery/meshery/mesheryctl/pkg/utils/registry.go:195.16,197.3 1 0
github.com/meshery/meshery/mesheryctl/pkg/utils/registry.go:200.2,203.16 4 0
github.com/meshery/meshery/mesheryctl/pkg/utils/registry.go:203.16,205.3 1 0
github.com/meshery/meshery/mesheryctl/pkg/utils/registry.go:208.2,210.16 3 0
github.com/meshery/meshery/mesheryctl/pkg/utils/registry.go:210.16,212.3 1 0
github.com/meshery/meshery/mesheryctl/pkg/utils/registry.go:214.2,215.16 2 0
github.com/meshery/meshery/mesheryctl/pkg/utils/registry.go:215.16,217.3 1 0
github.com/meshery/meshery/mesheryctl/pkg/utils/registry.go:220.2,222.16 3 0
github.com/meshery/meshery/mesheryctl/pkg/utils/registry.go:222.16,224.3 1 0
github.com/meshery/meshery/mesheryctl/pkg/utils/registry.go:226.2,227.16 2 0
github.com/meshery/meshery/mesheryctl/pkg/utils/registry.go:227.16,229.3 1 0
github.com/meshery/meshery/mesheryctl/pkg/utils/registry.go:232.2,235.16 4 0
github.com/meshery/meshery/mesheryctl/pkg/utils/registry.go:235.16,237.3 1 0
github.com/meshery/meshery/mesheryctl/pkg/utils/registry.go:238.2,239.16 2 0
github.com/meshery/meshery/mesheryctl/pkg/utils/registry.go:239.16,241.3 1 0
github.com/meshery/meshery/mesheryctl/pkg/utils/registry.go:244.2,246.16 3 0
github.com/meshery/meshery/mesheryctl/pkg/utils/registry.go:246.16,248.3 1 0
github.com/meshery/meshery/mesheryctl/pkg/utils/registry.go:249.2,252.16 3 0
github.com/meshery/meshery/mesheryctl/pkg/utils/registry.go:252.16,254.3 1 0
github.com/meshery/meshery/mesheryctl/pkg/utils/registry.go:256.2,256.12 1 0
github.com/meshery/meshery/mesheryctl/pkg/utils/registry.go:259.127,266.16 5 0
github.com/meshery/meshery/mesheryctl/pkg/utils/registry.go:266.16,268.3 1 0
github.com/meshery/meshery/mesheryctl/pkg/utils/registry.go:271.2,273.16 3 0
github.com/meshery/meshery/mesheryctl/pkg/utils/registry.go:273.16,275.3 1 0
github.com/meshery/meshery/mesheryctl/pkg/utils/registry.go:277.2,278.16 2 0
github.com/meshery/meshery/mesheryctl/pkg/utils/registry.go:278.16,280.3 1 0
github.com/meshery/meshery/mesheryctl/pkg/utils/registry.go:283.2,285.16 3 0
github.com/meshery/meshery/mesheryctl/pkg/utils/registry.go:285.16,287.3 1 0
github.com/meshery/meshery/mesheryctl/pkg/utils/registry.go:289.2,290.16 2 0
github.com/meshery/meshery/mesheryctl/pkg/utils/registry.go:290.16,292.3 1 0
github.com/meshery/meshery/mesheryctl/pkg/utils/registry.go:295.2,298.16 4 0
github.com/meshery/meshery/mesheryctl/pkg/utils/registry.go:298.16,300.3 1 0
github.com/meshery/meshery/mesheryctl/pkg/utils/registry.go:302.2,302.12 1 0
github.com/meshery/meshery/mesheryctl/pkg/utils/scripts.go:21.68,28.39 2 1
github.com/meshery/meshery/mesheryctl/pkg/utils/scripts.go:28.39,30.3 1 0
github.com/meshery/meshery/mesheryctl/pkg/utils/scripts.go:32.2,32.28 1 1
github.com/meshery/meshery/mesheryctl/pkg/utils/scripts.go:35.38,36.63 1 3
github.com/meshery/meshery/mesheryctl/pkg/utils/scripts.go:36.63,38.3 1 1
github.com/meshery/meshery/mesheryctl/pkg/utils/scripts.go:39.2,39.12 1 2
github.com/meshery/meshery/mesheryctl/pkg/utils/scripts.go:42.48,46.39 3 1
github.com/meshery/meshery/mesheryctl/pkg/utils/scripts.go:46.39,47.47 1 4
github.com/meshery/meshery/mesheryctl/pkg/utils/scripts.go:47.47,49.4 1 0
github.com/meshery/meshery/mesheryctl/pkg/utils/scripts.go:52.2,52.30 1 1
github.com/meshery/meshery/mesheryctl/pkg/utils/scripts.go:52.30,54.3 1 0
github.com/meshery/meshery/mesheryctl/pkg/utils/scripts.go:55.2,55.12 1 1
github.com/meshery/meshery/mesheryctl/pkg/utils/scripts.go:58.43,59.46 1 1
github.com/meshery/meshery/mesheryctl/pkg/utils/scripts.go:59.46,61.3 1 1
github.com/meshery/meshery/mesheryctl/pkg/utils/scripts.go:63.2,63.47 1 0
github.com/meshery/meshery/mesheryctl/pkg/utils/scripts.go:63.47,65.3 1 0
github.com/meshery/meshery/mesheryctl/pkg/utils/scripts.go:67.2,71.18 5 0
github.com/meshery/meshery/mesheryctl/pkg/utils/scripts.go:74.47,81.34 4 1
github.com/meshery/meshery/mesheryctl/pkg/utils/scripts.go:81.34,83.3 1 1
github.com/meshery/meshery/mesheryctl/pkg/utils/scripts.go:86.2,87.34 2 0
github.com/meshery/meshery/mesheryctl/pkg/utils/scripts.go:87.34,89.3 1 0
github.com/meshery/meshery/mesheryctl/pkg/utils/scripts.go:91.2,91.12 1 0
github.com/meshery/meshery/mesheryctl/pkg/utils/scripts.go:94.45,115.2 1 1
github.com/meshery/meshery/mesheryctl/pkg/utils/scripts.go:117.38,151.2 1 1
github.com/meshery/meshery/mesheryctl/pkg/utils/scripts.go:153.33,180.2 1 1
github.com/meshery/meshery/mesheryctl/pkg/utils/scripts.go:182.34,222.2 1 1
github.com/meshery/meshery/mesheryctl/pkg/utils/scripts.go:224.31,243.2 1 1
github.com/meshery/meshery/mesheryctl/pkg/utils/sse-client.go:26.64,33.2 4 0
github.com/meshery/meshery/mesheryctl/pkg/utils/sse-client.go:35.52,40.6 3 0
github.com/meshery/meshery/mesheryctl/pkg/utils/sse-client.go:40.6,42.17 2 0
github.com/meshery/meshery/mesheryctl/pkg/utils/sse-client.go:42.17,47.4 3 0
github.com/meshery/meshery/mesheryctl/pkg/utils/sse-client.go:49.3,49.10 1 0
github.com/meshery/meshery/mesheryctl/pkg/utils/sse-client.go:50.29,50.29 0 0
github.com/meshery/meshery/mesheryctl/pkg/utils/sse-client.go:52.34,52.34 0 0
github.com/meshery/meshery/mesheryctl/pkg/utils/sse-client.go:56.32,57.28 1 0
github.com/meshery/meshery/mesheryctl/pkg/utils/sse-client.go:58.31,59.28 1 0
github.com/meshery/meshery/mesheryctl/pkg/utils/sse-client.go:62.35,63.43 1 0
github.com/meshery/meshery/mesheryctl/pkg/utils/sse-client.go:64.34,65.43 1 0
github.com/meshery/meshery/mesheryctl/pkg/utils/sse-client.go:68.34,69.23 1 0
github.com/meshery/meshery/mesheryctl/pkg/utils/sse-client.go:70.33,71.23 1 0
github.com/meshery/meshery/mesheryctl/pkg/utils/sse-client.go:74.40,77.25 2 0
github.com/meshery/meshery/mesheryctl/pkg/utils/sse-client.go:77.25,82.19 3 0
github.com/meshery/meshery/mesheryctl/pkg/utils/sse-client.go:82.19,87.6 4 0
github.com/meshery/meshery/mesheryctl/pkg/utils/sse-client.go:90.11,92.10 2 0
github.com/meshery/meshery/mesheryctl/pkg/utils/sse-client.go:97.46,99.2 1 0
github.com/meshery/meshery/mesheryctl/pkg/utils/table.go:14.38,17.2 2 0
github.com/meshery/meshery/mesheryctl/pkg/utils/table.go:19.50,83.2 2 0
github.com/meshery/meshery/mesheryctl/pkg/utils/table.go:85.86,87.27 2 0
github.com/meshery/meshery/mesheryctl/pkg/utils/table.go:87.27,89.3 1 0
github.com/meshery/meshery/mesheryctl/pkg/utils/table.go:90.2,92.16 3 0
github.com/meshery/meshery/mesheryctl/pkg/utils/table.go:92.16,95.3 1 0
github.com/meshery/meshery/mesheryctl/pkg/utils/table.go:96.2,96.19 1 0
github.com/meshery/meshery/mesheryctl/pkg/utils/table.go:96.19,98.3 1 0
github.com/meshery/meshery/mesheryctl/pkg/utils/table.go:99.2,100.16 2 0
github.com/meshery/meshery/mesheryctl/pkg/utils/table.go:100.16,102.3 1 0
github.com/meshery/meshery/mesheryctl/pkg/utils/table.go:106.70,114.2 3 0
github.com/meshery/meshery/mesheryctl/pkg/utils/testing.go:42.46,47.2 1 0
github.com/meshery/meshery/mesheryctl/pkg/utils/testing.go:64.77,66.2 1 0
github.com/meshery/meshery/mesheryctl/pkg/utils/testing.go:69.50,70.34 1 0
github.com/meshery/meshery/mesheryctl/pkg/utils/testing.go:70.34,74.3 3 0
github.com/meshery/meshery/mesheryctl/pkg/utils/testing.go:78.39,80.9 2 0
github.com/meshery/meshery/mesheryctl/pkg/utils/testing.go:80.9,82.3 1 0
github.com/meshery/meshery/mesheryctl/pkg/utils/testing.go:84.2,84.31 1 0
github.com/meshery/meshery/mesheryctl/pkg/utils/testing.go:88.37,92.16 4 0
github.com/meshery/meshery/mesheryctl/pkg/utils/testing.go:92.16,94.3 1 0
github.com/meshery/meshery/mesheryctl/pkg/utils/testing.go:96.2,97.26 2 0
github.com/meshery/meshery/mesheryctl/pkg/utils/testing.go:101.41,105.16 4 0
github.com/meshery/meshery/mesheryctl/pkg/utils/testing.go:105.16,107.3 1 0
github.com/meshery/meshery/mesheryctl/pkg/utils/testing.go:109.2,109.16 1 0
github.com/meshery/meshery/mesheryctl/pkg/utils/testing.go:113.45,118.16 4 0
github.com/meshery/meshery/mesheryctl/pkg/utils/testing.go:118.16,119.25 1 0
github.com/meshery/meshery/mesheryctl/pkg/utils/testing.go:119.25,121.18 2 0
github.com/meshery/meshery/mesheryctl/pkg/utils/testing.go:121.18,123.5 1 0
github.com/meshery/meshery/mesheryctl/pkg/utils/testing.go:124.4,124.10 1 0
github.com/meshery/meshery/mesheryctl/pkg/utils/testing.go:126.3,126.18 1 0
github.com/meshery/meshery/mesheryctl/pkg/utils/testing.go:129.2,130.16 2 0
github.com/meshery/meshery/mesheryctl/pkg/utils/testing.go:130.16,132.3 1 0
github.com/meshery/meshery/mesheryctl/pkg/utils/testing.go:136.51,140.16 4 0
github.com/meshery/meshery/mesheryctl/pkg/utils/testing.go:140.16,142.3 1 0
github.com/meshery/meshery/mesheryctl/pkg/utils/testing.go:146.36,148.16 2 0
github.com/meshery/meshery/mesheryctl/pkg/utils/testing.go:148.16,150.3 1 0
github.com/meshery/meshery/mesheryctl/pkg/utils/testing.go:151.2,156.16 5 0
github.com/meshery/meshery/mesheryctl/pkg/utils/testing.go:156.16,158.3 1 0
github.com/meshery/meshery/mesheryctl/pkg/utils/testing.go:160.2,161.16 2 0
github.com/meshery/meshery/mesheryctl/pkg/utils/testing.go:161.16,163.3 1 0
github.com/meshery/meshery/mesheryctl/pkg/utils/testing.go:167.65,172.2 4 0
github.com/meshery/meshery/mesheryctl/pkg/utils/testing.go:175.74,179.2 3 0
github.com/meshery/meshery/mesheryctl/pkg/utils/testing.go:182.64,191.16 7 0
github.com/meshery/meshery/mesheryctl/pkg/utils/testing.go:191.16,193.3 1 0
github.com/meshery/meshery/mesheryctl/pkg/utils/testing.go:195.2,196.16 2 0
github.com/meshery/meshery/mesheryctl/pkg/utils/testing.go:196.16,198.3 1 0
github.com/meshery/meshery/mesheryctl/pkg/utils/testing.go:202.33,208.9 3 0
github.com/meshery/meshery/mesheryctl/pkg/utils/testing.go:208.9,210.3 1 0
github.com/meshery/meshery/mesheryctl/pkg/utils/testing.go:211.2,219.49 5 0
github.com/meshery/meshery/mesheryctl/pkg/utils/testing.go:223.32,225.2 1 0
github.com/meshery/meshery/mesheryctl/pkg/utils/testing.go:228.41,232.2 3 0
github.com/meshery/meshery/mesheryctl/pkg/utils/testing.go:234.38,236.16 2 0
github.com/meshery/meshery/mesheryctl/pkg/utils/testing.go:236.16,238.3 1 0
github.com/meshery/meshery/mesheryctl/pkg/utils/testing.go:240.2,240.40 1 0
github.com/meshery/meshery/mesheryctl/pkg/utils/testing.go:240.40,242.3 1 0
github.com/meshery/meshery/mesheryctl/pkg/utils/testing.go:244.2,245.16 2 0
github.com/meshery/meshery/mesheryctl/pkg/utils/testing.go:245.16,247.3 1 0
github.com/meshery/meshery/mesheryctl/pkg/utils/testing.go:248.2,251.16 3 0
github.com/meshery/meshery/mesheryctl/pkg/utils/testing.go:251.16,253.3 1 0
github.com/meshery/meshery/mesheryctl/pkg/utils/testing.go:254.2,256.12 3 0
github.com/meshery/meshery/mesheryctl/pkg/utils/testing.go:259.49,262.16 3 0
github.com/meshery/meshery/mesheryctl/pkg/utils/testing.go:262.16,264.3 1 0
github.com/meshery/meshery/mesheryctl/pkg/utils/testing.go:266.2,266.12 1 0
github.com/meshery/meshery/mesheryctl/pkg/utils/testing.go:266.12,267.7 1 0
github.com/meshery/meshery/mesheryctl/pkg/utils/testing.go:267.7,269.18 2 0
github.com/meshery/meshery/mesheryctl/pkg/utils/testing.go:269.18,271.66 1 0
github.com/meshery/meshery/mesheryctl/pkg/utils/testing.go:271.66,273.11 2 0
github.com/meshery/meshery/mesheryctl/pkg/utils/testing.go:275.5,275.13 1 0
github.com/meshery/meshery/mesheryctl/pkg/utils/testing.go:278.4,278.16 1 0
github.com/meshery/meshery/mesheryctl/pkg/utils/testing.go:283.2,284.12 2 0
github.com/meshery/meshery/mesheryctl/pkg/utils/testing.go:290.58,294.2 3 0
github.com/meshery/meshery/mesheryctl/pkg/utils/testing.go:305.47,308.2 2 0
github.com/meshery/meshery/mesheryctl/pkg/utils/testing.go:319.39,327.2 4 0
github.com/meshery/meshery/mesheryctl/pkg/utils/testing.go:338.36,340.9 2 0
github.com/meshery/meshery/mesheryctl/pkg/utils/testing.go:340.9,342.3 1 0
github.com/meshery/meshery/mesheryctl/pkg/utils/testing.go:343.2,344.59 2 0
github.com/meshery/meshery/mesheryctl/pkg/utils/testing.go:347.166,360.27 5 0
github.com/meshery/meshery/mesheryctl/pkg/utils/testing.go:360.27,361.37 1 0
github.com/meshery/meshery/mesheryctl/pkg/utils/testing.go:361.37,380.17 10 0
github.com/meshery/meshery/mesheryctl/pkg/utils/testing.go:380.17,382.5 1 0
github.com/meshery/meshery/mesheryctl/pkg/utils/testing.go:384.4,393.18 6 0
github.com/meshery/meshery/mesheryctl/pkg/utils/testing.go:393.18,395.23 1 0
github.com/meshery/meshery/mesheryctl/pkg/utils/testing.go:395.23,397.27 1 0
github.com/meshery/meshery/mesheryctl/pkg/utils/testing.go:397.27,399.7 1 0
github.com/meshery/meshery/mesheryctl/pkg/utils/testing.go:400.6,403.12 3 0
github.com/meshery/meshery/mesheryctl/pkg/utils/testing.go:405.5,405.17 1 0
github.com/meshery/meshery/mesheryctl/pkg/utils/testing.go:408.4,409.22 2 0
github.com/meshery/meshery/mesheryctl/pkg/utils/testing.go:409.22,411.5 1 0
github.com/meshery/meshery/mesheryctl/pkg/utils/testing.go:413.4,415.25 2 0
github.com/meshery/meshery/mesheryctl/pkg/utils/testing.go:415.25,417.5 1 0
github.com/meshery/meshery/mesheryctl/pkg/utils/testing.go:418.4,423.61 4 0
github.com/meshery/meshery/mesheryctl/pkg/utils/testing.go:425.3,425.37 1 0
github.com/meshery/meshery/mesheryctl/pkg/utils/testing.go:428.2,428.16 1 0
github.com/meshery/meshery/mesheryctl/pkg/utils/testing.go:442.158,455.27 5 0
github.com/meshery/meshery/mesheryctl/pkg/utils/testing.go:455.27,456.37 1 0
github.com/meshery/meshery/mesheryctl/pkg/utils/testing.go:456.37,457.24 1 0
github.com/meshery/meshery/mesheryctl/pkg/utils/testing.go:457.24,465.30 5 0
github.com/meshery/meshery/mesheryctl/pkg/utils/testing.go:465.30,467.55 1 0
github.com/meshery/meshery/mesheryctl/pkg/utils/testing.go:467.55,469.8 1 0
github.com/meshery/meshery/mesheryctl/pkg/utils/testing.go:470.11,473.6 1 0
github.com/meshery/meshery/mesheryctl/pkg/utils/testing.go:477.4,482.17 5 0
github.com/meshery/meshery/mesheryctl/pkg/utils/testing.go:482.17,484.5 1 0
github.com/meshery/meshery/mesheryctl/pkg/utils/testing.go:485.4,489.18 4 0
github.com/meshery/meshery/mesheryctl/pkg/utils/testing.go:489.18,491.23 1 0
github.com/meshery/meshery/mesheryctl/pkg/utils/testing.go:491.23,493.27 1 0
github.com/meshery/meshery/mesheryctl/pkg/utils/testing.go:493.27,495.7 1 0
github.com/meshery/meshery/mesheryctl/pkg/utils/testing.go:496.6,499.12 3 0
github.com/meshery/meshery/mesheryctl/pkg/utils/testing.go:501.5,501.17 1 0
github.com/meshery/meshery/mesheryctl/pkg/utils/testing.go:504.4,506.25 2 0
github.com/meshery/meshery/mesheryctl/pkg/utils/testing.go:506.25,508.5 1 0
github.com/meshery/meshery/mesheryctl/pkg/utils/testing.go:510.4,515.61 4 0
github.com/meshery/meshery/mesheryctl/pkg/utils/testing.go:517.3,517.40 1 0
github.com/meshery/meshery/mesheryctl/pkg/utils/testing.go:520.2,520.16 1 0
